{"/Users/ebivens-tatum/Documents/Hackreactor/FEC/client/src/RatingsReviews/Ratings/Star.jsx": {"path":"/Users/ebivens-tatum/Documents/Hackreactor/FEC/client/src/RatingsReviews/Ratings/Star.jsx","statementMap":{"0":{"start":{"line":6,"column":2},"end":{"line":10,"column":4}},"1":{"start":{"line":13,"column":22},"end":{"line":16,"column":1}},"2":{"start":{"line":18,"column":18},"end":{"line":24,"column":1}},"3":{"start":{"line":26,"column":18},"end":{"line":36,"column":1}},"4":{"start":{"line":32,"column":22},"end":{"line":32,"column":33}}},"fnMap":{"0":{"name":"Star","decl":{"start":{"line":5,"column":9},"end":{"line":5,"column":13}},"loc":{"start":{"line":5,"column":27},"end":{"line":11,"column":1}},"line":5},"1":{"name":"(anonymous_1)","decl":{"start":{"line":32,"column":11},"end":{"line":32,"column":12}},"loc":{"start":{"line":32,"column":22},"end":{"line":32,"column":33}},"line":32}},"branchMap":{},"s":{"0":2,"1":1,"2":1,"3":1,"4":2},"f":{"0":2,"1":2},"b":{},"_coverageSchema":"1a1c01bbd47fc00a2c39e90264f33305004495a9","hash":"10b075ead0e255d93824c383b49aba7806b66daf"}
,"/Users/ebivens-tatum/Documents/Hackreactor/FEC/client/src/RatingsReviews/lib/ratingToPercentage.js": {"path":"/Users/ebivens-tatum/Documents/Hackreactor/FEC/client/src/RatingsReviews/lib/ratingToPercentage.js","statementMap":{"0":{"start":{"line":2,"column":21},"end":{"line":2,"column":39}},"1":{"start":{"line":3,"column":18},"end":{"line":3,"column":58}},"2":{"start":{"line":4,"column":2},"end":{"line":4,"column":17}}},"fnMap":{"0":{"name":"ratingToPercentage","decl":{"start":{"line":1,"column":9},"end":{"line":1,"column":27}},"loc":{"start":{"line":1,"column":36},"end":{"line":5,"column":1}},"line":1}},"branchMap":{},"s":{"0":2,"1":2,"2":2},"f":{"0":2},"b":{},"_coverageSchema":"1a1c01bbd47fc00a2c39e90264f33305004495a9","hash":"9064d64c3733f4fa8dea05663ec4bbeda4a5f77c"}
,"/Users/ebivens-tatum/Documents/Hackreactor/FEC/client/src/product-details/AddToCart.jsx": {"path":"/Users/ebivens-tatum/Documents/Hackreactor/FEC/client/src/product-details/AddToCart.jsx","statementMap":{"0":{"start":{"line":10,"column":16},"end":{"line":10,"column":33}},"1":{"start":{"line":12,"column":2},"end":{"line":23,"column":3}},"2":{"start":{"line":13,"column":4},"end":{"line":22,"column":6}},"3":{"start":{"line":25,"column":20},"end":{"line":25,"column":38}},"4":{"start":{"line":27,"column":21},"end":{"line":27,"column":23}},"5":{"start":{"line":28,"column":2},"end":{"line":30,"column":3}},"6":{"start":{"line":28,"column":15},"end":{"line":28,"column":16}},"7":{"start":{"line":29,"column":4},"end":{"line":29,"column":72}},"8":{"start":{"line":32,"column":16},"end":{"line":32,"column":39}},"9":{"start":{"line":33,"column":22},"end":{"line":33,"column":24}},"10":{"start":{"line":34,"column":2},"end":{"line":34,"column":93}},"11":{"start":{"line":34,"column":26},"end":{"line":34,"column":91}},"12":{"start":{"line":36,"column":24},"end":{"line":36,"column":26}},"13":{"start":{"line":37,"column":2},"end":{"line":51,"column":3}},"14":{"start":{"line":38,"column":19},"end":{"line":38,"column":42}},"15":{"start":{"line":39,"column":4},"end":{"line":39,"column":26}},"16":{"start":{"line":40,"column":4},"end":{"line":48,"column":5}},"17":{"start":{"line":41,"column":6},"end":{"line":43,"column":7}},"18":{"start":{"line":41,"column":19},"end":{"line":41,"column":20}},"19":{"start":{"line":42,"column":8},"end":{"line":42,"column":67}},"20":{"start":{"line":45,"column":6},"end":{"line":47,"column":7}},"21":{"start":{"line":45,"column":19},"end":{"line":45,"column":20}},"22":{"start":{"line":46,"column":8},"end":{"line":46,"column":67}},"23":{"start":{"line":50,"column":4},"end":{"line":50,"column":73}},"24":{"start":{"line":53,"column":27},"end":{"line":56,"column":3}},"25":{"start":{"line":54,"column":4},"end":{"line":54,"column":27}},"26":{"start":{"line":55,"column":4},"end":{"line":55,"column":39}},"27":{"start":{"line":58,"column":29},"end":{"line":61,"column":3}},"28":{"start":{"line":59,"column":4},"end":{"line":59,"column":27}},"29":{"start":{"line":60,"column":4},"end":{"line":60,"column":41}},"30":{"start":{"line":63,"column":23},"end":{"line":93,"column":3}},"31":{"start":{"line":64,"column":4},"end":{"line":64,"column":27}},"32":{"start":{"line":65,"column":4},"end":{"line":92,"column":5}},"33":{"start":{"line":66,"column":6},"end":{"line":66,"column":41}},"34":{"start":{"line":68,"column":22},"end":{"line":68,"column":52}},"35":{"start":{"line":70,"column":6},"end":{"line":74,"column":9}},"36":{"start":{"line":71,"column":8},"end":{"line":73,"column":9}},"37":{"start":{"line":72,"column":10},"end":{"line":72,"column":22}},"38":{"start":{"line":75,"column":6},"end":{"line":75,"column":30}},"39":{"start":{"line":77,"column":25},"end":{"line":84,"column":7}},"40":{"start":{"line":85,"column":6},"end":{"line":91,"column":7}},"41":{"start":{"line":85,"column":19},"end":{"line":85,"column":20}},"42":{"start":{"line":86,"column":8},"end":{"line":90,"column":44}},"43":{"start":{"line":88,"column":12},"end":{"line":88,"column":29}},"44":{"start":{"line":90,"column":26},"end":{"line":90,"column":42}},"45":{"start":{"line":95,"column":2},"end":{"line":109,"column":4}}},"fnMap":{"0":{"name":"AddToCart","decl":{"start":{"line":7,"column":9},"end":{"line":7,"column":18}},"loc":{"start":{"line":9,"column":3},"end":{"line":110,"column":1}},"line":9},"1":{"name":"(anonymous_1)","decl":{"start":{"line":34,"column":16},"end":{"line":34,"column":17}},"loc":{"start":{"line":34,"column":26},"end":{"line":34,"column":91}},"line":34},"2":{"name":"(anonymous_2)","decl":{"start":{"line":53,"column":27},"end":{"line":53,"column":28}},"loc":{"start":{"line":53,"column":38},"end":{"line":56,"column":3}},"line":53},"3":{"name":"(anonymous_3)","decl":{"start":{"line":58,"column":29},"end":{"line":58,"column":30}},"loc":{"start":{"line":58,"column":40},"end":{"line":61,"column":3}},"line":58},"4":{"name":"(anonymous_4)","decl":{"start":{"line":63,"column":23},"end":{"line":63,"column":24}},"loc":{"start":{"line":63,"column":34},"end":{"line":93,"column":3}},"line":63},"5":{"name":"(anonymous_5)","decl":{"start":{"line":70,"column":22},"end":{"line":70,"column":23}},"loc":{"start":{"line":70,"column":31},"end":{"line":74,"column":7}},"line":70},"6":{"name":"(anonymous_6)","decl":{"start":{"line":87,"column":16},"end":{"line":87,"column":17}},"loc":{"start":{"line":87,"column":22},"end":{"line":89,"column":11}},"line":87},"7":{"name":"(anonymous_7)","decl":{"start":{"line":90,"column":17},"end":{"line":90,"column":18}},"loc":{"start":{"line":90,"column":26},"end":{"line":90,"column":42}},"line":90}},"branchMap":{"0":{"loc":{"start":{"line":12,"column":2},"end":{"line":23,"column":3}},"type":"if","locations":[{"start":{"line":12,"column":2},"end":{"line":23,"column":3}},{"start":{},"end":{}}],"line":12},"1":{"loc":{"start":{"line":37,"column":2},"end":{"line":51,"column":3}},"type":"if","locations":[{"start":{"line":37,"column":2},"end":{"line":51,"column":3}},{"start":{"line":49,"column":9},"end":{"line":51,"column":3}}],"line":37},"2":{"loc":{"start":{"line":40,"column":4},"end":{"line":48,"column":5}},"type":"if","locations":[{"start":{"line":40,"column":4},"end":{"line":48,"column":5}},{"start":{"line":44,"column":11},"end":{"line":48,"column":5}}],"line":40},"3":{"loc":{"start":{"line":65,"column":4},"end":{"line":92,"column":5}},"type":"if","locations":[{"start":{"line":65,"column":4},"end":{"line":92,"column":5}},{"start":{"line":67,"column":11},"end":{"line":92,"column":5}}],"line":65},"4":{"loc":{"start":{"line":71,"column":8},"end":{"line":73,"column":9}},"type":"if","locations":[{"start":{"line":71,"column":8},"end":{"line":73,"column":9}},{"start":{},"end":{}}],"line":71}},"s":{"0":4,"1":4,"2":1,"3":3,"4":3,"5":3,"6":3,"7":3,"8":3,"9":3,"10":3,"11":3,"12":3,"13":3,"14":2,"15":2,"16":2,"17":1,"18":1,"19":5,"20":1,"21":1,"22":15,"23":1,"24":3,"25":0,"26":0,"27":3,"28":0,"29":0,"30":3,"31":0,"32":0,"33":0,"34":0,"35":0,"36":0,"37":0,"38":0,"39":0,"40":0,"41":0,"42":0,"43":0,"44":0,"45":3},"f":{"0":4,"1":3,"2":0,"3":0,"4":0,"5":0,"6":0,"7":0},"b":{"0":[1,3],"1":[2,1],"2":[1,1],"3":[0,0],"4":[0,0]},"_coverageSchema":"1a1c01bbd47fc00a2c39e90264f33305004495a9","hash":"058c0499dfbe62cf58f8840248eb0bef1f1d5ab2"}
,"/Users/ebivens-tatum/Documents/Hackreactor/FEC/client/src/product-details/ImageGallery.jsx": {"path":"/Users/ebivens-tatum/Documents/Hackreactor/FEC/client/src/product-details/ImageGallery.jsx","statementMap":{"0":{"start":{"line":16,"column":23},"end":{"line":16,"column":60}},"1":{"start":{"line":17,"column":21},"end":{"line":17,"column":75}},"2":{"start":{"line":19,"column":2},"end":{"line":23,"column":3}},"3":{"start":{"line":20,"column":4},"end":{"line":20,"column":23}},"4":{"start":{"line":22,"column":4},"end":{"line":22,"column":25}},"5":{"start":{"line":25,"column":22},"end":{"line":25,"column":24}},"6":{"start":{"line":26,"column":23},"end":{"line":26,"column":49}},"7":{"start":{"line":28,"column":34},"end":{"line":32,"column":3}},"8":{"start":{"line":29,"column":4},"end":{"line":29,"column":27}},"9":{"start":{"line":30,"column":4},"end":{"line":30,"column":19}},"10":{"start":{"line":31,"column":4},"end":{"line":31,"column":19}},"11":{"start":{"line":34,"column":38},"end":{"line":37,"column":3}},"12":{"start":{"line":35,"column":4},"end":{"line":35,"column":27}},"13":{"start":{"line":36,"column":4},"end":{"line":36,"column":18}},"14":{"start":{"line":39,"column":38},"end":{"line":42,"column":3}},"15":{"start":{"line":40,"column":4},"end":{"line":40,"column":27}},"16":{"start":{"line":41,"column":4},"end":{"line":41,"column":19}},"17":{"start":{"line":43,"column":20},"end":{"line":43,"column":254}},"18":{"start":{"line":45,"column":22},"end":{"line":48,"column":3}},"19":{"start":{"line":46,"column":4},"end":{"line":46,"column":27}},"20":{"start":{"line":47,"column":4},"end":{"line":47,"column":42}},"21":{"start":{"line":50,"column":26},"end":{"line":57,"column":3}},"22":{"start":{"line":51,"column":4},"end":{"line":51,"column":27}},"23":{"start":{"line":52,"column":4},"end":{"line":56,"column":5}},"24":{"start":{"line":53,"column":6},"end":{"line":53,"column":23}},"25":{"start":{"line":55,"column":6},"end":{"line":55,"column":41}},"26":{"start":{"line":59,"column":26},"end":{"line":66,"column":3}},"27":{"start":{"line":60,"column":4},"end":{"line":60,"column":27}},"28":{"start":{"line":61,"column":4},"end":{"line":65,"column":5}},"29":{"start":{"line":62,"column":6},"end":{"line":62,"column":51}},"30":{"start":{"line":64,"column":6},"end":{"line":64,"column":41}},"31":{"start":{"line":68,"column":2},"end":{"line":82,"column":3}},"32":{"start":{"line":68,"column":15},"end":{"line":68,"column":16}},"33":{"start":{"line":69,"column":4},"end":{"line":81,"column":5}},"34":{"start":{"line":70,"column":6},"end":{"line":74,"column":8}},"35":{"start":{"line":76,"column":6},"end":{"line":80,"column":8}},"36":{"start":{"line":86,"column":2},"end":{"line":138,"column":3}},"37":{"start":{"line":87,"column":4},"end":{"line":87,"column":241}},"38":{"start":{"line":88,"column":9},"end":{"line":138,"column":3}},"39":{"start":{"line":89,"column":4},"end":{"line":126,"column":5}},"40":{"start":{"line":90,"column":6},"end":{"line":100,"column":8}},"41":{"start":{"line":101,"column":11},"end":{"line":126,"column":5}},"42":{"start":{"line":102,"column":6},"end":{"line":112,"column":8}},"43":{"start":{"line":114,"column":6},"end":{"line":125,"column":8}},"44":{"start":{"line":128,"column":4},"end":{"line":137,"column":6}}},"fnMap":{"0":{"name":"ImageGallery","decl":{"start":{"line":13,"column":9},"end":{"line":13,"column":21}},"loc":{"start":{"line":15,"column":3},"end":{"line":139,"column":1}},"line":15},"1":{"name":"(anonymous_1)","decl":{"start":{"line":28,"column":34},"end":{"line":28,"column":35}},"loc":{"start":{"line":28,"column":45},"end":{"line":32,"column":3}},"line":28},"2":{"name":"(anonymous_2)","decl":{"start":{"line":34,"column":38},"end":{"line":34,"column":39}},"loc":{"start":{"line":34,"column":49},"end":{"line":37,"column":3}},"line":34},"3":{"name":"(anonymous_3)","decl":{"start":{"line":39,"column":38},"end":{"line":39,"column":39}},"loc":{"start":{"line":39,"column":49},"end":{"line":42,"column":3}},"line":39},"4":{"name":"(anonymous_4)","decl":{"start":{"line":45,"column":22},"end":{"line":45,"column":23}},"loc":{"start":{"line":45,"column":33},"end":{"line":48,"column":3}},"line":45},"5":{"name":"(anonymous_5)","decl":{"start":{"line":50,"column":26},"end":{"line":50,"column":27}},"loc":{"start":{"line":50,"column":37},"end":{"line":57,"column":3}},"line":50},"6":{"name":"(anonymous_6)","decl":{"start":{"line":59,"column":26},"end":{"line":59,"column":27}},"loc":{"start":{"line":59,"column":37},"end":{"line":66,"column":3}},"line":59}},"branchMap":{"0":{"loc":{"start":{"line":16,"column":33},"end":{"line":16,"column":58}},"type":"cond-expr","locations":[{"start":{"line":16,"column":40},"end":{"line":16,"column":49}},{"start":{"line":16,"column":52},"end":{"line":16,"column":58}}],"line":16},"1":{"loc":{"start":{"line":17,"column":31},"end":{"line":17,"column":73}},"type":"cond-expr","locations":[{"start":{"line":17,"column":43},"end":{"line":17,"column":61}},{"start":{"line":17,"column":64},"end":{"line":17,"column":73}}],"line":17},"2":{"loc":{"start":{"line":19,"column":2},"end":{"line":23,"column":3}},"type":"if","locations":[{"start":{"line":19,"column":2},"end":{"line":23,"column":3}},{"start":{"line":21,"column":9},"end":{"line":23,"column":3}}],"line":19},"3":{"loc":{"start":{"line":52,"column":4},"end":{"line":56,"column":5}},"type":"if","locations":[{"start":{"line":52,"column":4},"end":{"line":56,"column":5}},{"start":{"line":54,"column":11},"end":{"line":56,"column":5}}],"line":52},"4":{"loc":{"start":{"line":61,"column":4},"end":{"line":65,"column":5}},"type":"if","locations":[{"start":{"line":61,"column":4},"end":{"line":65,"column":5}},{"start":{"line":63,"column":11},"end":{"line":65,"column":5}}],"line":61},"5":{"loc":{"start":{"line":69,"column":4},"end":{"line":81,"column":5}},"type":"if","locations":[{"start":{"line":69,"column":4},"end":{"line":81,"column":5}},{"start":{"line":75,"column":11},"end":{"line":81,"column":5}}],"line":69},"6":{"loc":{"start":{"line":86,"column":2},"end":{"line":138,"column":3}},"type":"if","locations":[{"start":{"line":86,"column":2},"end":{"line":138,"column":3}},{"start":{"line":88,"column":9},"end":{"line":138,"column":3}}],"line":86},"7":{"loc":{"start":{"line":88,"column":9},"end":{"line":138,"column":3}},"type":"if","locations":[{"start":{"line":88,"column":9},"end":{"line":138,"column":3}},{"start":{"line":127,"column":9},"end":{"line":138,"column":3}}],"line":88},"8":{"loc":{"start":{"line":89,"column":4},"end":{"line":126,"column":5}},"type":"if","locations":[{"start":{"line":89,"column":4},"end":{"line":126,"column":5}},{"start":{"line":101,"column":11},"end":{"line":126,"column":5}}],"line":89},"9":{"loc":{"start":{"line":101,"column":11},"end":{"line":126,"column":5}},"type":"if","locations":[{"start":{"line":101,"column":11},"end":{"line":126,"column":5}},{"start":{"line":113,"column":11},"end":{"line":126,"column":5}}],"line":101}},"s":{"0":5,"1":5,"2":5,"3":1,"4":4,"5":5,"6":5,"7":5,"8":0,"9":0,"10":0,"11":5,"12":0,"13":0,"14":5,"15":0,"16":0,"17":5,"18":5,"19":0,"20":0,"21":5,"22":0,"23":0,"24":0,"25":0,"26":5,"27":0,"28":0,"29":0,"30":0,"31":5,"32":5,"33":26,"34":5,"35":21,"36":5,"37":1,"38":4,"39":3,"40":1,"41":2,"42":1,"43":1,"44":1},"f":{"0":5,"1":0,"2":0,"3":0,"4":0,"5":0,"6":0},"b":{"0":[1,4],"1":[0,5],"2":[1,4],"3":[0,0],"4":[0,0],"5":[5,21],"6":[1,4],"7":[3,1],"8":[1,2],"9":[1,1]},"_coverageSchema":"1a1c01bbd47fc00a2c39e90264f33305004495a9","hash":"a95c5eb9f31e0674ea81e8de271132951d3726cd"}
,"/Users/ebivens-tatum/Documents/Hackreactor/FEC/client/src/product-details/Modal.jsx": {"path":"/Users/ebivens-tatum/Documents/Hackreactor/FEC/client/src/product-details/Modal.jsx","statementMap":{"0":{"start":{"line":16,"column":28},"end":{"line":16,"column":44}},"1":{"start":{"line":18,"column":39},"end":{"line":22,"column":3}},"2":{"start":{"line":19,"column":4},"end":{"line":19,"column":27}},"3":{"start":{"line":20,"column":4},"end":{"line":20,"column":24}},"4":{"start":{"line":21,"column":4},"end":{"line":21,"column":20}},"5":{"start":{"line":24,"column":27},"end":{"line":27,"column":3}},"6":{"start":{"line":25,"column":4},"end":{"line":25,"column":27}},"7":{"start":{"line":26,"column":4},"end":{"line":26,"column":44}},"8":{"start":{"line":26,"column":32},"end":{"line":26,"column":42}},"9":{"start":{"line":29,"column":26},"end":{"line":31,"column":3}},"10":{"start":{"line":30,"column":4},"end":{"line":30,"column":41}},"11":{"start":{"line":33,"column":2},"end":{"line":95,"column":3}},"12":{"start":{"line":34,"column":4},"end":{"line":80,"column":5}},"13":{"start":{"line":35,"column":6},"end":{"line":48,"column":8}},"14":{"start":{"line":49,"column":11},"end":{"line":80,"column":5}},"15":{"start":{"line":50,"column":6},"end":{"line":63,"column":8}},"16":{"start":{"line":65,"column":6},"end":{"line":79,"column":8}},"17":{"start":{"line":82,"column":4},"end":{"line":94,"column":6}}},"fnMap":{"0":{"name":"Modal","decl":{"start":{"line":13,"column":9},"end":{"line":13,"column":14}},"loc":{"start":{"line":15,"column":3},"end":{"line":96,"column":1}},"line":15},"1":{"name":"(anonymous_1)","decl":{"start":{"line":18,"column":39},"end":{"line":18,"column":40}},"loc":{"start":{"line":18,"column":50},"end":{"line":22,"column":3}},"line":18},"2":{"name":"(anonymous_2)","decl":{"start":{"line":24,"column":27},"end":{"line":24,"column":28}},"loc":{"start":{"line":24,"column":38},"end":{"line":27,"column":3}},"line":24},"3":{"name":"(anonymous_3)","decl":{"start":{"line":26,"column":17},"end":{"line":26,"column":18}},"loc":{"start":{"line":26,"column":32},"end":{"line":26,"column":42}},"line":26},"4":{"name":"(anonymous_4)","decl":{"start":{"line":29,"column":26},"end":{"line":29,"column":27}},"loc":{"start":{"line":29,"column":37},"end":{"line":31,"column":3}},"line":29}},"branchMap":{"0":{"loc":{"start":{"line":33,"column":2},"end":{"line":95,"column":3}},"type":"if","locations":[{"start":{"line":33,"column":2},"end":{"line":95,"column":3}},{"start":{"line":81,"column":9},"end":{"line":95,"column":3}}],"line":33},"1":{"loc":{"start":{"line":34,"column":4},"end":{"line":80,"column":5}},"type":"if","locations":[{"start":{"line":34,"column":4},"end":{"line":80,"column":5}},{"start":{"line":49,"column":11},"end":{"line":80,"column":5}}],"line":34},"2":{"loc":{"start":{"line":44,"column":128},"end":{"line":44,"column":165}},"type":"cond-expr","locations":[{"start":{"line":44,"column":140},"end":{"line":44,"column":152}},{"start":{"line":44,"column":155},"end":{"line":44,"column":165}}],"line":44},"3":{"loc":{"start":{"line":44,"column":184},"end":{"line":44,"column":236}},"type":"cond-expr","locations":[{"start":{"line":44,"column":196},"end":{"line":44,"column":225}},{"start":{"line":44,"column":228},"end":{"line":44,"column":236}}],"line":44},"4":{"loc":{"start":{"line":49,"column":11},"end":{"line":80,"column":5}},"type":"if","locations":[{"start":{"line":49,"column":11},"end":{"line":80,"column":5}},{"start":{"line":64,"column":11},"end":{"line":80,"column":5}}],"line":49},"5":{"loc":{"start":{"line":59,"column":128},"end":{"line":59,"column":165}},"type":"cond-expr","locations":[{"start":{"line":59,"column":140},"end":{"line":59,"column":152}},{"start":{"line":59,"column":155},"end":{"line":59,"column":165}}],"line":59},"6":{"loc":{"start":{"line":59,"column":184},"end":{"line":59,"column":236}},"type":"cond-expr","locations":[{"start":{"line":59,"column":196},"end":{"line":59,"column":225}},{"start":{"line":59,"column":228},"end":{"line":59,"column":236}}],"line":59},"7":{"loc":{"start":{"line":75,"column":128},"end":{"line":75,"column":165}},"type":"cond-expr","locations":[{"start":{"line":75,"column":140},"end":{"line":75,"column":152}},{"start":{"line":75,"column":155},"end":{"line":75,"column":165}}],"line":75},"8":{"loc":{"start":{"line":75,"column":184},"end":{"line":75,"column":236}},"type":"cond-expr","locations":[{"start":{"line":75,"column":196},"end":{"line":75,"column":225}},{"start":{"line":75,"column":228},"end":{"line":75,"column":236}}],"line":75},"9":{"loc":{"start":{"line":90,"column":126},"end":{"line":90,"column":163}},"type":"cond-expr","locations":[{"start":{"line":90,"column":138},"end":{"line":90,"column":150}},{"start":{"line":90,"column":153},"end":{"line":90,"column":163}}],"line":90},"10":{"loc":{"start":{"line":90,"column":182},"end":{"line":90,"column":234}},"type":"cond-expr","locations":[{"start":{"line":90,"column":194},"end":{"line":90,"column":223}},{"start":{"line":90,"column":226},"end":{"line":90,"column":234}}],"line":90}},"s":{"0":6,"1":6,"2":0,"3":0,"4":0,"5":6,"6":0,"7":0,"8":0,"9":6,"10":0,"11":6,"12":4,"13":1,"14":3,"15":1,"16":2,"17":2},"f":{"0":6,"1":0,"2":0,"3":0,"4":0},"b":{"0":[4,2],"1":[1,3],"2":[0,1],"3":[0,1],"4":[1,2],"5":[0,1],"6":[0,1],"7":[1,1],"8":[1,1],"9":[0,2],"10":[0,2]},"_coverageSchema":"1a1c01bbd47fc00a2c39e90264f33305004495a9","hash":"56ff1488e3f03404a7eec4a3e52deb1132b9732c"}
,"/Users/ebivens-tatum/Documents/Hackreactor/FEC/client/src/product-details/Overview.jsx": {"path":"/Users/ebivens-tatum/Documents/Hackreactor/FEC/client/src/product-details/Overview.jsx","statementMap":{"0":{"start":{"line":13,"column":32},"end":{"line":13,"column":44}},"1":{"start":{"line":14,"column":30},"end":{"line":14,"column":42}},"2":{"start":{"line":15,"column":42},"end":{"line":15,"column":54}},"3":{"start":{"line":16,"column":40},"end":{"line":16,"column":52}},"4":{"start":{"line":17,"column":44},"end":{"line":17,"column":56}},"5":{"start":{"line":18,"column":36},"end":{"line":18,"column":48}},"6":{"start":{"line":19,"column":46},"end":{"line":19,"column":58}},"7":{"start":{"line":20,"column":50},"end":{"line":20,"column":62}},"8":{"start":{"line":21,"column":28},"end":{"line":21,"column":40}},"9":{"start":{"line":22,"column":26},"end":{"line":22,"column":38}},"10":{"start":{"line":23,"column":36},"end":{"line":23,"column":48}},"11":{"start":{"line":24,"column":28},"end":{"line":24,"column":40}},"12":{"start":{"line":27,"column":2},"end":{"line":27,"column":22}},"13":{"start":{"line":28,"column":21},"end":{"line":28,"column":67}},"14":{"start":{"line":29,"column":27},"end":{"line":29,"column":49}},"15":{"start":{"line":30,"column":28},"end":{"line":30,"column":89}},"16":{"start":{"line":32,"column":25},"end":{"line":38,"column":3}},"17":{"start":{"line":40,"column":25},"end":{"line":46,"column":3}},"18":{"start":{"line":48,"column":25},"end":{"line":54,"column":3}},"19":{"start":{"line":57,"column":4},"end":{"line":61,"column":9}},"20":{"start":{"line":58,"column":24},"end":{"line":58,"column":47}},"21":{"start":{"line":60,"column":8},"end":{"line":60,"column":62}},"22":{"start":{"line":65,"column":4},"end":{"line":71,"column":9}},"23":{"start":{"line":67,"column":8},"end":{"line":67,"column":39}},"24":{"start":{"line":70,"column":8},"end":{"line":70,"column":69}},"25":{"start":{"line":75,"column":4},"end":{"line":81,"column":9}},"26":{"start":{"line":77,"column":8},"end":{"line":77,"column":39}},"27":{"start":{"line":80,"column":8},"end":{"line":80,"column":70}},"28":{"start":{"line":85,"column":2},"end":{"line":87,"column":9}},"29":{"start":{"line":86,"column":4},"end":{"line":86,"column":17}},"30":{"start":{"line":88,"column":2},"end":{"line":90,"column":9}},"31":{"start":{"line":89,"column":4},"end":{"line":89,"column":16}},"32":{"start":{"line":91,"column":2},"end":{"line":93,"column":9}},"33":{"start":{"line":92,"column":4},"end":{"line":92,"column":17}},"34":{"start":{"line":94,"column":2},"end":{"line":98,"column":5}},"35":{"start":{"line":95,"column":4},"end":{"line":97,"column":5}},"36":{"start":{"line":96,"column":6},"end":{"line":96,"column":33}},"37":{"start":{"line":99,"column":2},"end":{"line":103,"column":5}},"38":{"start":{"line":100,"column":4},"end":{"line":102,"column":5}},"39":{"start":{"line":101,"column":6},"end":{"line":101,"column":22}},"40":{"start":{"line":104,"column":2},"end":{"line":108,"column":5}},"41":{"start":{"line":105,"column":4},"end":{"line":107,"column":5}},"42":{"start":{"line":106,"column":6},"end":{"line":106,"column":21}},"43":{"start":{"line":109,"column":2},"end":{"line":113,"column":5}},"44":{"start":{"line":110,"column":4},"end":{"line":112,"column":5}},"45":{"start":{"line":111,"column":6},"end":{"line":111,"column":26}},"46":{"start":{"line":114,"column":2},"end":{"line":121,"column":5}},"47":{"start":{"line":115,"column":4},"end":{"line":120,"column":5}},"48":{"start":{"line":116,"column":25},"end":{"line":116,"column":27}},"49":{"start":{"line":117,"column":6},"end":{"line":119,"column":9}},"50":{"start":{"line":118,"column":8},"end":{"line":118,"column":45}},"51":{"start":{"line":122,"column":2},"end":{"line":126,"column":5}},"52":{"start":{"line":123,"column":4},"end":{"line":125,"column":5}},"53":{"start":{"line":124,"column":6},"end":{"line":124,"column":31}},"54":{"start":{"line":127,"column":2},"end":{"line":131,"column":5}},"55":{"start":{"line":128,"column":4},"end":{"line":130,"column":5}},"56":{"start":{"line":129,"column":6},"end":{"line":129,"column":23}},"57":{"start":{"line":134,"column":2},"end":{"line":145,"column":3}},"58":{"start":{"line":135,"column":4},"end":{"line":144,"column":6}}},"fnMap":{"0":{"name":"Overview","decl":{"start":{"line":11,"column":9},"end":{"line":11,"column":17}},"loc":{"start":{"line":11,"column":41},"end":{"line":146,"column":1}},"line":11},"1":{"name":"getProduct","decl":{"start":{"line":56,"column":11},"end":{"line":56,"column":21}},"loc":{"start":{"line":56,"column":24},"end":{"line":62,"column":3}},"line":56},"2":{"name":"(anonymous_2)","decl":{"start":{"line":58,"column":12},"end":{"line":58,"column":13}},"loc":{"start":{"line":58,"column":24},"end":{"line":58,"column":47}},"line":58},"3":{"name":"(anonymous_3)","decl":{"start":{"line":59,"column":13},"end":{"line":59,"column":14}},"loc":{"start":{"line":59,"column":22},"end":{"line":61,"column":7}},"line":59},"4":{"name":"getStyles","decl":{"start":{"line":64,"column":11},"end":{"line":64,"column":20}},"loc":{"start":{"line":64,"column":23},"end":{"line":72,"column":3}},"line":64},"5":{"name":"(anonymous_5)","decl":{"start":{"line":66,"column":12},"end":{"line":66,"column":13}},"loc":{"start":{"line":66,"column":24},"end":{"line":68,"column":7}},"line":66},"6":{"name":"(anonymous_6)","decl":{"start":{"line":69,"column":13},"end":{"line":69,"column":14}},"loc":{"start":{"line":69,"column":22},"end":{"line":71,"column":7}},"line":69},"7":{"name":"getReviews","decl":{"start":{"line":74,"column":11},"end":{"line":74,"column":21}},"loc":{"start":{"line":74,"column":24},"end":{"line":82,"column":3}},"line":74},"8":{"name":"(anonymous_8)","decl":{"start":{"line":76,"column":12},"end":{"line":76,"column":13}},"loc":{"start":{"line":76,"column":24},"end":{"line":78,"column":7}},"line":76},"9":{"name":"(anonymous_9)","decl":{"start":{"line":79,"column":13},"end":{"line":79,"column":14}},"loc":{"start":{"line":79,"column":22},"end":{"line":81,"column":7}},"line":79},"10":{"name":"(anonymous_10)","decl":{"start":{"line":85,"column":12},"end":{"line":85,"column":13}},"loc":{"start":{"line":85,"column":18},"end":{"line":87,"column":3}},"line":85},"11":{"name":"(anonymous_11)","decl":{"start":{"line":88,"column":12},"end":{"line":88,"column":13}},"loc":{"start":{"line":88,"column":18},"end":{"line":90,"column":3}},"line":88},"12":{"name":"(anonymous_12)","decl":{"start":{"line":91,"column":12},"end":{"line":91,"column":13}},"loc":{"start":{"line":91,"column":18},"end":{"line":93,"column":3}},"line":91},"13":{"name":"(anonymous_13)","decl":{"start":{"line":94,"column":12},"end":{"line":94,"column":13}},"loc":{"start":{"line":94,"column":18},"end":{"line":98,"column":3}},"line":94},"14":{"name":"(anonymous_14)","decl":{"start":{"line":99,"column":12},"end":{"line":99,"column":13}},"loc":{"start":{"line":99,"column":18},"end":{"line":103,"column":3}},"line":99},"15":{"name":"(anonymous_15)","decl":{"start":{"line":104,"column":12},"end":{"line":104,"column":13}},"loc":{"start":{"line":104,"column":18},"end":{"line":108,"column":3}},"line":104},"16":{"name":"(anonymous_16)","decl":{"start":{"line":109,"column":12},"end":{"line":109,"column":13}},"loc":{"start":{"line":109,"column":18},"end":{"line":113,"column":3}},"line":109},"17":{"name":"(anonymous_17)","decl":{"start":{"line":114,"column":12},"end":{"line":114,"column":13}},"loc":{"start":{"line":114,"column":18},"end":{"line":121,"column":3}},"line":114},"18":{"name":"(anonymous_18)","decl":{"start":{"line":117,"column":34},"end":{"line":117,"column":35}},"loc":{"start":{"line":117,"column":45},"end":{"line":119,"column":7}},"line":117},"19":{"name":"(anonymous_19)","decl":{"start":{"line":122,"column":12},"end":{"line":122,"column":13}},"loc":{"start":{"line":122,"column":18},"end":{"line":126,"column":3}},"line":122},"20":{"name":"(anonymous_20)","decl":{"start":{"line":127,"column":12},"end":{"line":127,"column":13}},"loc":{"start":{"line":127,"column":18},"end":{"line":131,"column":3}},"line":127}},"branchMap":{"0":{"loc":{"start":{"line":95,"column":4},"end":{"line":97,"column":5}},"type":"if","locations":[{"start":{"line":95,"column":4},"end":{"line":97,"column":5}},{"start":{},"end":{}}],"line":95},"1":{"loc":{"start":{"line":95,"column":8},"end":{"line":95,"column":67}},"type":"binary-expr","locations":[{"start":{"line":95,"column":8},"end":{"line":95,"column":25}},{"start":{"line":95,"column":29},"end":{"line":95,"column":67}}],"line":95},"2":{"loc":{"start":{"line":100,"column":4},"end":{"line":102,"column":5}},"type":"if","locations":[{"start":{"line":100,"column":4},"end":{"line":102,"column":5}},{"start":{},"end":{}}],"line":100},"3":{"loc":{"start":{"line":105,"column":4},"end":{"line":107,"column":5}},"type":"if","locations":[{"start":{"line":105,"column":4},"end":{"line":107,"column":5}},{"start":{},"end":{}}],"line":105},"4":{"loc":{"start":{"line":110,"column":4},"end":{"line":112,"column":5}},"type":"if","locations":[{"start":{"line":110,"column":4},"end":{"line":112,"column":5}},{"start":{},"end":{}}],"line":110},"5":{"loc":{"start":{"line":115,"column":4},"end":{"line":120,"column":5}},"type":"if","locations":[{"start":{"line":115,"column":4},"end":{"line":120,"column":5}},{"start":{},"end":{}}],"line":115},"6":{"loc":{"start":{"line":123,"column":4},"end":{"line":125,"column":5}},"type":"if","locations":[{"start":{"line":123,"column":4},"end":{"line":125,"column":5}},{"start":{},"end":{}}],"line":123},"7":{"loc":{"start":{"line":128,"column":4},"end":{"line":130,"column":5}},"type":"if","locations":[{"start":{"line":128,"column":4},"end":{"line":130,"column":5}},{"start":{},"end":{}}],"line":128},"8":{"loc":{"start":{"line":134,"column":2},"end":{"line":145,"column":3}},"type":"if","locations":[{"start":{"line":134,"column":2},"end":{"line":145,"column":3}},{"start":{},"end":{}}],"line":134},"9":{"loc":{"start":{"line":134,"column":6},"end":{"line":134,"column":131}},"type":"binary-expr","locations":[{"start":{"line":134,"column":6},"end":{"line":134,"column":42}},{"start":{"line":134,"column":46},"end":{"line":134,"column":84}},{"start":{"line":134,"column":88},"end":{"line":134,"column":111}},{"start":{"line":134,"column":115},"end":{"line":134,"column":131}}],"line":134}},"s":{"0":2,"1":2,"2":2,"3":2,"4":2,"5":2,"6":2,"7":2,"8":2,"9":2,"10":2,"11":2,"12":2,"13":2,"14":2,"15":2,"16":2,"17":2,"18":2,"19":1,"20":0,"21":1,"22":1,"23":0,"24":1,"25":1,"26":0,"27":1,"28":2,"29":1,"30":2,"31":1,"32":2,"33":1,"34":2,"35":2,"36":0,"37":2,"38":2,"39":1,"40":2,"41":2,"42":1,"43":2,"44":2,"45":1,"46":2,"47":2,"48":0,"49":0,"50":0,"51":2,"52":2,"53":1,"54":2,"55":2,"56":1,"57":2,"58":0},"f":{"0":2,"1":1,"2":0,"3":1,"4":1,"5":0,"6":1,"7":1,"8":0,"9":1,"10":1,"11":1,"12":1,"13":2,"14":2,"15":2,"16":2,"17":2,"18":0,"19":2,"20":2},"b":{"0":[0,2],"1":[2,0],"2":[1,1],"3":[1,1],"4":[1,1],"5":[0,2],"6":[1,1],"7":[1,1],"8":[0,2],"9":[2,0,0,0]},"_coverageSchema":"1a1c01bbd47fc00a2c39e90264f33305004495a9","hash":"b9f6b31495daacffe63b30bb8decf4eead6abc8b"}
,"/Users/ebivens-tatum/Documents/Hackreactor/FEC/client/src/product-details/ProductDetails.jsx": {"path":"/Users/ebivens-tatum/Documents/Hackreactor/FEC/client/src/product-details/ProductDetails.jsx","statementMap":{"0":{"start":{"line":9,"column":2},"end":{"line":71,"column":3}},"1":{"start":{"line":10,"column":34},"end":{"line":10,"column":49}},"2":{"start":{"line":24,"column":24},"end":{"line":24,"column":25}},"3":{"start":{"line":25,"column":23},"end":{"line":25,"column":24}},"4":{"start":{"line":26,"column":4},"end":{"line":29,"column":5}},"5":{"start":{"line":26,"column":17},"end":{"line":26,"column":18}},"6":{"start":{"line":27,"column":6},"end":{"line":27,"column":63}},"7":{"start":{"line":28,"column":6},"end":{"line":28,"column":58}},"8":{"start":{"line":31,"column":4},"end":{"line":31,"column":34}},"9":{"start":{"line":32,"column":4},"end":{"line":32,"column":45}},"10":{"start":{"line":34,"column":4},"end":{"line":54,"column":5}},"11":{"start":{"line":35,"column":6},"end":{"line":53,"column":8}},"12":{"start":{"line":55,"column":4},"end":{"line":70,"column":6}},"13":{"start":{"line":73,"column":2},"end":{"line":85,"column":3}},"14":{"start":{"line":74,"column":4},"end":{"line":84,"column":6}},"15":{"start":{"line":87,"column":2},"end":{"line":94,"column":4}}},"fnMap":{"0":{"name":"ProductDetails","decl":{"start":{"line":8,"column":9},"end":{"line":8,"column":23}},"loc":{"start":{"line":8,"column":79},"end":{"line":95,"column":1}},"line":8}},"branchMap":{"0":{"loc":{"start":{"line":9,"column":2},"end":{"line":71,"column":3}},"type":"if","locations":[{"start":{"line":9,"column":2},"end":{"line":71,"column":3}},{"start":{},"end":{}}],"line":9},"1":{"loc":{"start":{"line":34,"column":4},"end":{"line":54,"column":5}},"type":"if","locations":[{"start":{"line":34,"column":4},"end":{"line":54,"column":5}},{"start":{},"end":{}}],"line":34},"2":{"loc":{"start":{"line":73,"column":2},"end":{"line":85,"column":3}},"type":"if","locations":[{"start":{"line":73,"column":2},"end":{"line":85,"column":3}},{"start":{},"end":{}}],"line":73}},"s":{"0":4,"1":2,"2":2,"3":2,"4":2,"5":2,"6":10,"7":10,"8":2,"9":2,"10":2,"11":1,"12":1,"13":2,"14":1,"15":1},"f":{"0":4},"b":{"0":[2,2],"1":[1,1],"2":[1,1]},"_coverageSchema":"1a1c01bbd47fc00a2c39e90264f33305004495a9","hash":"a2372f3c52d337f4749328c0df65dc5b41471297"}
,"/Users/ebivens-tatum/Documents/Hackreactor/FEC/client/src/product-details/StyleSelector.jsx": {"path":"/Users/ebivens-tatum/Documents/Hackreactor/FEC/client/src/product-details/StyleSelector.jsx","statementMap":{"0":{"start":{"line":11,"column":22},"end":{"line":21,"column":3}},"1":{"start":{"line":12,"column":4},"end":{"line":12,"column":27}},"2":{"start":{"line":13,"column":22},"end":{"line":13,"column":43}},"3":{"start":{"line":15,"column":4},"end":{"line":19,"column":7}},"4":{"start":{"line":16,"column":6},"end":{"line":18,"column":7}},"5":{"start":{"line":17,"column":8},"end":{"line":17,"column":25}},"6":{"start":{"line":20,"column":4},"end":{"line":20,"column":30}},"7":{"start":{"line":23,"column":20},"end":{"line":23,"column":22}},"8":{"start":{"line":25,"column":2},"end":{"line":41,"column":5}},"9":{"start":{"line":26,"column":4},"end":{"line":40,"column":5}},"10":{"start":{"line":27,"column":6},"end":{"line":33,"column":8}},"11":{"start":{"line":35,"column":6},"end":{"line":39,"column":8}},"12":{"start":{"line":43,"column":2},"end":{"line":48,"column":4}}},"fnMap":{"0":{"name":"StyleSelector","decl":{"start":{"line":10,"column":9},"end":{"line":10,"column":22}},"loc":{"start":{"line":10,"column":66},"end":{"line":49,"column":1}},"line":10},"1":{"name":"(anonymous_1)","decl":{"start":{"line":11,"column":22},"end":{"line":11,"column":23}},"loc":{"start":{"line":11,"column":33},"end":{"line":21,"column":3}},"line":11},"2":{"name":"(anonymous_2)","decl":{"start":{"line":15,"column":22},"end":{"line":15,"column":23}},"loc":{"start":{"line":15,"column":33},"end":{"line":19,"column":5}},"line":15},"3":{"name":"(anonymous_3)","decl":{"start":{"line":25,"column":17},"end":{"line":25,"column":18}},"loc":{"start":{"line":25,"column":28},"end":{"line":41,"column":3}},"line":25}},"branchMap":{"0":{"loc":{"start":{"line":16,"column":6},"end":{"line":18,"column":7}},"type":"if","locations":[{"start":{"line":16,"column":6},"end":{"line":18,"column":7}},{"start":{},"end":{}}],"line":16},"1":{"loc":{"start":{"line":26,"column":4},"end":{"line":40,"column":5}},"type":"if","locations":[{"start":{"line":26,"column":4},"end":{"line":40,"column":5}},{"start":{"line":34,"column":11},"end":{"line":40,"column":5}}],"line":26}},"s":{"0":3,"1":0,"2":0,"3":0,"4":0,"5":0,"6":0,"7":3,"8":3,"9":2,"10":0,"11":2,"12":3},"f":{"0":3,"1":0,"2":0,"3":2},"b":{"0":[0,0],"1":[0,2]},"_coverageSchema":"1a1c01bbd47fc00a2c39e90264f33305004495a9","hash":"cc0f75dfcb7174a792be5fcd98b1bc41c701515d"}
}
