{"/Users/IanZuber221/Desktop/Hack Reactor/FEC/client/src/context.jsx": {"path":"/Users/IanZuber221/Desktop/Hack Reactor/FEC/client/src/context.jsx","statementMap":{"0":{"start":{"line":3,"column":30},"end":{"line":3,"column":51}},"1":{"start":{"line":4,"column":36},"end":{"line":4,"column":57}},"2":{"start":{"line":7,"column":2},"end":{"line":7,"column":43}},"3":{"start":{"line":11,"column":2},"end":{"line":11,"column":49}},"4":{"start":{"line":14,"column":46},"end":{"line":14,"column":63}},"5":{"start":{"line":17,"column":4},"end":{"line":17,"column":34}},"6":{"start":{"line":20,"column":2},"end":{"line":26,"column":4}}},"fnMap":{"0":{"name":"useCurrentProductContext","decl":{"start":{"line":6,"column":16},"end":{"line":6,"column":40}},"loc":{"start":{"line":6,"column":43},"end":{"line":8,"column":1}},"line":6},"1":{"name":"useCurrentProductUpdate","decl":{"start":{"line":10,"column":16},"end":{"line":10,"column":39}},"loc":{"start":{"line":10,"column":45},"end":{"line":12,"column":1}},"line":10},"2":{"name":"CurrentProductProvider","decl":{"start":{"line":13,"column":16},"end":{"line":13,"column":38}},"loc":{"start":{"line":13,"column":53},"end":{"line":27,"column":1}},"line":13},"3":{"name":"changeCurrentProduct","decl":{"start":{"line":16,"column":11},"end":{"line":16,"column":31}},"loc":{"start":{"line":16,"column":44},"end":{"line":18,"column":3}},"line":16}},"branchMap":{},"s":{"0":1,"1":1,"2":1,"3":0,"4":0,"5":0,"6":0},"f":{"0":1,"1":0,"2":0,"3":0},"b":{},"_coverageSchema":"1a1c01bbd47fc00a2c39e90264f33305004495a9","hash":"ed23f8779961440377c7a1f11cac2cecc9e1d8d5"}
,"/Users/IanZuber221/Desktop/Hack Reactor/FEC/client/src/RatingsReviews/Ratings/Star.jsx": {"path":"/Users/IanZuber221/Desktop/Hack Reactor/FEC/client/src/RatingsReviews/Ratings/Star.jsx","statementMap":{"0":{"start":{"line":5,"column":22},"end":{"line":8,"column":1}},"1":{"start":{"line":10,"column":18},"end":{"line":16,"column":1}},"2":{"start":{"line":18,"column":18},"end":{"line":28,"column":1}},"3":{"start":{"line":24,"column":22},"end":{"line":24,"column":33}},"4":{"start":{"line":31,"column":2},"end":{"line":35,"column":4}}},"fnMap":{"0":{"name":"(anonymous_0)","decl":{"start":{"line":24,"column":11},"end":{"line":24,"column":12}},"loc":{"start":{"line":24,"column":22},"end":{"line":24,"column":33}},"line":24},"1":{"name":"Star","decl":{"start":{"line":30,"column":9},"end":{"line":30,"column":13}},"loc":{"start":{"line":30,"column":27},"end":{"line":36,"column":1}},"line":30}},"branchMap":{},"s":{"0":1,"1":1,"2":1,"3":0,"4":0},"f":{"0":0,"1":0},"b":{},"_coverageSchema":"1a1c01bbd47fc00a2c39e90264f33305004495a9","hash":"a23d784fda92ffe21ac85dfca936dbc2e0327c6b"}
,"/Users/IanZuber221/Desktop/Hack Reactor/FEC/client/src/RatingsReviews/Reviews/AddBar.jsx": {"path":"/Users/IanZuber221/Desktop/Hack Reactor/FEC/client/src/RatingsReviews/Reviews/AddBar.jsx","statementMap":{"0":{"start":{"line":7,"column":4},"end":{"line":7,"column":17}},"1":{"start":{"line":8,"column":4},"end":{"line":10,"column":6}},"2":{"start":{"line":11,"column":4},"end":{"line":11,"column":51}},"3":{"start":{"line":12,"column":4},"end":{"line":12,"column":49}},"4":{"start":{"line":16,"column":4},"end":{"line":16,"column":23}},"5":{"start":{"line":17,"column":4},"end":{"line":17,"column":29}},"6":{"start":{"line":21,"column":4},"end":{"line":23,"column":45}},"7":{"start":{"line":27,"column":4},"end":{"line":33,"column":6}},"8":{"start":{"line":37,"column":24},"end":{"line":39,"column":1}},"9":{"start":{"line":41,"column":21},"end":{"line":54,"column":1}}},"fnMap":{"0":{"name":"(anonymous_0)","decl":{"start":{"line":6,"column":2},"end":{"line":6,"column":3}},"loc":{"start":{"line":6,"column":21},"end":{"line":13,"column":3}},"line":6},"1":{"name":"(anonymous_1)","decl":{"start":{"line":15,"column":2},"end":{"line":15,"column":3}},"loc":{"start":{"line":15,"column":17},"end":{"line":18,"column":3}},"line":15},"2":{"name":"(anonymous_2)","decl":{"start":{"line":20,"column":2},"end":{"line":20,"column":3}},"loc":{"start":{"line":20,"column":15},"end":{"line":24,"column":3}},"line":20},"3":{"name":"(anonymous_3)","decl":{"start":{"line":26,"column":2},"end":{"line":26,"column":3}},"loc":{"start":{"line":26,"column":11},"end":{"line":34,"column":3}},"line":26}},"branchMap":{"0":{"loc":{"start":{"line":21,"column":4},"end":{"line":23,"column":44}},"type":"cond-expr","locations":[{"start":{"line":22,"column":8},"end":{"line":22,"column":45}},{"start":{"line":23,"column":8},"end":{"line":23,"column":44}}],"line":21},"1":{"loc":{"start":{"line":31,"column":9},"end":{"line":31,"column":117}},"type":"binary-expr","locations":[{"start":{"line":31,"column":9},"end":{"line":31,"column":31}},{"start":{"line":31,"column":35},"end":{"line":31,"column":117}}],"line":31}},"s":{"0":2,"1":2,"2":2,"3":2,"4":0,"5":0,"6":0,"7":2,"8":1,"9":1},"f":{"0":2,"1":0,"2":0,"3":2},"b":{"0":[0,0],"1":[2,0]},"_coverageSchema":"1a1c01bbd47fc00a2c39e90264f33305004495a9","hash":"ca525e2a3b142bba8c0dc44a085190ebaeb00fb0"}
,"/Users/IanZuber221/Desktop/Hack Reactor/FEC/client/src/RatingsReviews/Reviews/ReviewList.jsx": {"path":"/Users/IanZuber221/Desktop/Hack Reactor/FEC/client/src/RatingsReviews/Reviews/ReviewList.jsx","statementMap":{"0":{"start":{"line":5,"column":19},"end":{"line":13,"column":1}},"1":{"start":{"line":16,"column":23},"end":{"line":16,"column":31}},"2":{"start":{"line":18,"column":19},"end":{"line":26,"column":3}},"3":{"start":{"line":19,"column":4},"end":{"line":25,"column":5}},"4":{"start":{"line":20,"column":56},"end":{"line":20,"column":76}},"5":{"start":{"line":21,"column":6},"end":{"line":24,"column":7}},"6":{"start":{"line":22,"column":8},"end":{"line":22,"column":60}},"7":{"start":{"line":23,"column":8},"end":{"line":23,"column":27}},"8":{"start":{"line":28,"column":2},"end":{"line":48,"column":4}},"9":{"start":{"line":34,"column":8},"end":{"line":39,"column":10}}},"fnMap":{"0":{"name":"ReviewList","decl":{"start":{"line":15,"column":9},"end":{"line":15,"column":19}},"loc":{"start":{"line":15,"column":27},"end":{"line":49,"column":1}},"line":15},"1":{"name":"(anonymous_1)","decl":{"start":{"line":18,"column":19},"end":{"line":18,"column":20}},"loc":{"start":{"line":18,"column":25},"end":{"line":26,"column":3}},"line":18},"2":{"name":"(anonymous_2)","decl":{"start":{"line":33,"column":25},"end":{"line":33,"column":26}},"loc":{"start":{"line":34,"column":8},"end":{"line":39,"column":10}},"line":34}},"branchMap":{"0":{"loc":{"start":{"line":19,"column":4},"end":{"line":25,"column":5}},"type":"if","locations":[{"start":{"line":19,"column":4},"end":{"line":25,"column":5}},{"start":{},"end":{}}],"line":19},"1":{"loc":{"start":{"line":21,"column":6},"end":{"line":24,"column":7}},"type":"if","locations":[{"start":{"line":21,"column":6},"end":{"line":24,"column":7}},{"start":{},"end":{}}],"line":21},"2":{"loc":{"start":{"line":28,"column":9},"end":{"line":48,"column":3}},"type":"cond-expr","locations":[{"start":{"line":29,"column":4},"end":{"line":41,"column":17}},{"start":{"line":43,"column":4},"end":{"line":47,"column":17}}],"line":28}},"s":{"0":1,"1":3,"2":2,"3":0,"4":0,"5":0,"6":0,"7":0,"8":2,"9":0},"f":{"0":3,"1":0,"2":0},"b":{"0":[0,0],"1":[0,0],"2":[0,0]},"_coverageSchema":"1a1c01bbd47fc00a2c39e90264f33305004495a9","hash":"68ff1b6b7b7670eba33ce8da89fc635acfa9e6dc"}
,"/Users/IanZuber221/Desktop/Hack Reactor/FEC/client/src/RatingsReviews/Reviews/ReviewTile.jsx": {"path":"/Users/IanZuber221/Desktop/Hack Reactor/FEC/client/src/RatingsReviews/Reviews/ReviewTile.jsx","statementMap":{"0":{"start":{"line":10,"column":4},"end":{"line":10,"column":17}},"1":{"start":{"line":11,"column":4},"end":{"line":13,"column":6}},"2":{"start":{"line":14,"column":4},"end":{"line":14,"column":51}},"3":{"start":{"line":15,"column":4},"end":{"line":15,"column":41}},"4":{"start":{"line":19,"column":4},"end":{"line":19,"column":23}},"5":{"start":{"line":20,"column":16},"end":{"line":20,"column":43}},"6":{"start":{"line":21,"column":4},"end":{"line":21,"column":32}},"7":{"start":{"line":25,"column":4},"end":{"line":25,"column":23}},"8":{"start":{"line":26,"column":14},"end":{"line":26,"column":69}},"9":{"start":{"line":27,"column":4},"end":{"line":29,"column":5}},"10":{"start":{"line":28,"column":6},"end":{"line":28,"column":53}},"11":{"start":{"line":33,"column":4},"end":{"line":82,"column":6}},"12":{"start":{"line":57,"column":18},"end":{"line":57,"column":69}},"13":{"start":{"line":86,"column":17},"end":{"line":92,"column":1}},"14":{"start":{"line":94,"column":22},"end":{"line":102,"column":1}},"15":{"start":{"line":104,"column":16},"end":{"line":110,"column":1}},"16":{"start":{"line":112,"column":17},"end":{"line":118,"column":1}},"17":{"start":{"line":120,"column":21},"end":{"line":133,"column":1}},"18":{"start":{"line":135,"column":18},"end":{"line":143,"column":1}}},"fnMap":{"0":{"name":"(anonymous_0)","decl":{"start":{"line":9,"column":2},"end":{"line":9,"column":3}},"loc":{"start":{"line":9,"column":21},"end":{"line":16,"column":3}},"line":9},"1":{"name":"(anonymous_1)","decl":{"start":{"line":18,"column":2},"end":{"line":18,"column":3}},"loc":{"start":{"line":18,"column":17},"end":{"line":22,"column":3}},"line":18},"2":{"name":"(anonymous_2)","decl":{"start":{"line":24,"column":2},"end":{"line":24,"column":3}},"loc":{"start":{"line":24,"column":12},"end":{"line":30,"column":3}},"line":24},"3":{"name":"(anonymous_3)","decl":{"start":{"line":32,"column":2},"end":{"line":32,"column":3}},"loc":{"start":{"line":32,"column":11},"end":{"line":83,"column":3}},"line":32},"4":{"name":"(anonymous_4)","decl":{"start":{"line":56,"column":46},"end":{"line":56,"column":47}},"loc":{"start":{"line":56,"column":64},"end":{"line":58,"column":17}},"line":56}},"branchMap":{"0":{"loc":{"start":{"line":27,"column":4},"end":{"line":29,"column":5}},"type":"if","locations":[{"start":{"line":27,"column":4},"end":{"line":29,"column":5}},{"start":{},"end":{}}],"line":27},"1":{"loc":{"start":{"line":48,"column":13},"end":{"line":53,"column":15}},"type":"binary-expr","locations":[{"start":{"line":48,"column":13},"end":{"line":48,"column":40}},{"start":{"line":50,"column":14},"end":{"line":52,"column":19}}],"line":48},"2":{"loc":{"start":{"line":54,"column":13},"end":{"line":59,"column":27}},"type":"binary-expr","locations":[{"start":{"line":54,"column":13},"end":{"line":54,"column":48}},{"start":{"line":55,"column":17},"end":{"line":59,"column":27}}],"line":54},"3":{"loc":{"start":{"line":62,"column":13},"end":{"line":69,"column":15}},"type":"binary-expr","locations":[{"start":{"line":62,"column":13},"end":{"line":62,"column":39}},{"start":{"line":64,"column":14},"end":{"line":68,"column":19}}],"line":62}},"s":{"0":0,"1":0,"2":0,"3":0,"4":0,"5":0,"6":0,"7":0,"8":0,"9":0,"10":0,"11":0,"12":0,"13":1,"14":1,"15":1,"16":1,"17":1,"18":1},"f":{"0":0,"1":0,"2":0,"3":0,"4":0},"b":{"0":[0,0],"1":[0,0],"2":[0,0],"3":[0,0]},"_coverageSchema":"1a1c01bbd47fc00a2c39e90264f33305004495a9","hash":"610d0dd7298ee0176ba69ceb96df3c94099c6063"}
,"/Users/IanZuber221/Desktop/Hack Reactor/FEC/client/src/RatingsReviews/Reviews/Reviews.jsx": {"path":"/Users/IanZuber221/Desktop/Hack Reactor/FEC/client/src/RatingsReviews/Reviews/Reviews.jsx","statementMap":{"0":{"start":{"line":12,"column":4},"end":{"line":12,"column":17}},"1":{"start":{"line":13,"column":4},"end":{"line":19,"column":6}},"2":{"start":{"line":20,"column":4},"end":{"line":20,"column":47}},"3":{"start":{"line":21,"column":4},"end":{"line":21,"column":51}},"4":{"start":{"line":22,"column":4},"end":{"line":22,"column":41}},"5":{"start":{"line":23,"column":4},"end":{"line":23,"column":43}},"6":{"start":{"line":27,"column":4},"end":{"line":37,"column":63}},"7":{"start":{"line":33,"column":8},"end":{"line":33,"column":55}},"8":{"start":{"line":34,"column":8},"end":{"line":34,"column":47}},"9":{"start":{"line":35,"column":8},"end":{"line":35,"column":23}},"10":{"start":{"line":37,"column":22},"end":{"line":37,"column":61}},"11":{"start":{"line":41,"column":4},"end":{"line":41,"column":29}},"12":{"start":{"line":45,"column":4},"end":{"line":55,"column":65}},"13":{"start":{"line":51,"column":8},"end":{"line":51,"column":42}},"14":{"start":{"line":52,"column":8},"end":{"line":52,"column":48}},"15":{"start":{"line":53,"column":8},"end":{"line":53,"column":32}},"16":{"start":{"line":55,"column":22},"end":{"line":55,"column":64}},"17":{"start":{"line":59,"column":4},"end":{"line":74,"column":5}},"18":{"start":{"line":60,"column":6},"end":{"line":71,"column":66}},"19":{"start":{"line":66,"column":30},"end":{"line":66,"column":54}},"20":{"start":{"line":67,"column":10},"end":{"line":67,"column":39}},"21":{"start":{"line":68,"column":10},"end":{"line":68,"column":43}},"22":{"start":{"line":69,"column":10},"end":{"line":69,"column":34}},"23":{"start":{"line":71,"column":24},"end":{"line":71,"column":65}},"24":{"start":{"line":73,"column":6},"end":{"line":73,"column":62}},"25":{"start":{"line":78,"column":4},"end":{"line":99,"column":5}},"26":{"start":{"line":103,"column":25},"end":{"line":113,"column":1}}},"fnMap":{"0":{"name":"(anonymous_0)","decl":{"start":{"line":11,"column":2},"end":{"line":11,"column":3}},"loc":{"start":{"line":11,"column":21},"end":{"line":24,"column":3}},"line":11},"1":{"name":"(anonymous_1)","decl":{"start":{"line":26,"column":2},"end":{"line":26,"column":3}},"loc":{"start":{"line":26,"column":24},"end":{"line":38,"column":3}},"line":26},"2":{"name":"(anonymous_2)","decl":{"start":{"line":32,"column":12},"end":{"line":32,"column":13}},"loc":{"start":{"line":32,"column":26},"end":{"line":36,"column":7}},"line":32},"3":{"name":"(anonymous_3)","decl":{"start":{"line":37,"column":13},"end":{"line":37,"column":14}},"loc":{"start":{"line":37,"column":22},"end":{"line":37,"column":61}},"line":37},"4":{"name":"(anonymous_4)","decl":{"start":{"line":40,"column":2},"end":{"line":40,"column":3}},"loc":{"start":{"line":40,"column":12},"end":{"line":42,"column":3}},"line":40},"5":{"name":"(anonymous_5)","decl":{"start":{"line":44,"column":2},"end":{"line":44,"column":3}},"loc":{"start":{"line":44,"column":19},"end":{"line":56,"column":3}},"line":44},"6":{"name":"(anonymous_6)","decl":{"start":{"line":50,"column":12},"end":{"line":50,"column":13}},"loc":{"start":{"line":50,"column":18},"end":{"line":54,"column":7}},"line":50},"7":{"name":"(anonymous_7)","decl":{"start":{"line":55,"column":13},"end":{"line":55,"column":14}},"loc":{"start":{"line":55,"column":22},"end":{"line":55,"column":64}},"line":55},"8":{"name":"(anonymous_8)","decl":{"start":{"line":58,"column":2},"end":{"line":58,"column":3}},"loc":{"start":{"line":58,"column":24},"end":{"line":75,"column":3}},"line":58},"9":{"name":"(anonymous_9)","decl":{"start":{"line":65,"column":14},"end":{"line":65,"column":15}},"loc":{"start":{"line":65,"column":20},"end":{"line":70,"column":9}},"line":65},"10":{"name":"(anonymous_10)","decl":{"start":{"line":71,"column":15},"end":{"line":71,"column":16}},"loc":{"start":{"line":71,"column":24},"end":{"line":71,"column":65}},"line":71},"11":{"name":"(anonymous_11)","decl":{"start":{"line":77,"column":2},"end":{"line":77,"column":3}},"loc":{"start":{"line":77,"column":11},"end":{"line":100,"column":3}},"line":77}},"branchMap":{"0":{"loc":{"start":{"line":59,"column":4},"end":{"line":74,"column":5}},"type":"if","locations":[{"start":{"line":59,"column":4},"end":{"line":74,"column":5}},{"start":{"line":72,"column":11},"end":{"line":74,"column":5}}],"line":59}},"s":{"0":2,"1":2,"2":2,"3":2,"4":2,"5":2,"6":0,"7":0,"8":0,"9":0,"10":0,"11":0,"12":0,"13":0,"14":0,"15":0,"16":0,"17":0,"18":0,"19":0,"20":0,"21":0,"22":0,"23":0,"24":0,"25":2,"26":1},"f":{"0":2,"1":0,"2":0,"3":0,"4":0,"5":0,"6":0,"7":0,"8":0,"9":0,"10":0,"11":2},"b":{"0":[0,0]},"_coverageSchema":"1a1c01bbd47fc00a2c39e90264f33305004495a9","hash":"f8402af17620e0178c3e46b102da85e7d8d5cb1a"}
,"/Users/IanZuber221/Desktop/Hack Reactor/FEC/client/src/RatingsReviews/Reviews/SortBar.jsx": {"path":"/Users/IanZuber221/Desktop/Hack Reactor/FEC/client/src/RatingsReviews/Reviews/SortBar.jsx","statementMap":{"0":{"start":{"line":5,"column":15},"end":{"line":7,"column":3}},"1":{"start":{"line":6,"column":4},"end":{"line":6,"column":40}},"2":{"start":{"line":9,"column":2},"end":{"line":18,"column":4}},"3":{"start":{"line":21,"column":22},"end":{"line":27,"column":1}},"4":{"start":{"line":29,"column":23},"end":{"line":38,"column":1}}},"fnMap":{"0":{"name":"SortBar","decl":{"start":{"line":4,"column":9},"end":{"line":4,"column":16}},"loc":{"start":{"line":4,"column":24},"end":{"line":19,"column":1}},"line":4},"1":{"name":"(anonymous_1)","decl":{"start":{"line":5,"column":15},"end":{"line":5,"column":16}},"loc":{"start":{"line":5,"column":22},"end":{"line":7,"column":3}},"line":5}},"branchMap":{},"s":{"0":3,"1":0,"2":3,"3":1,"4":1},"f":{"0":3,"1":0},"b":{},"_coverageSchema":"1a1c01bbd47fc00a2c39e90264f33305004495a9","hash":"3486c4d3cb1c060c99aeca1a6c06d1872c35903b"}
,"/Users/IanZuber221/Desktop/Hack Reactor/FEC/client/src/RatingsReviews/Reviews/AddReview/CharButtons.jsx": {"path":"/Users/IanZuber221/Desktop/Hack Reactor/FEC/client/src/RatingsReviews/Reviews/AddReview/CharButtons.jsx","statementMap":{"0":{"start":{"line":6,"column":4},"end":{"line":6,"column":17}},"1":{"start":{"line":7,"column":4},"end":{"line":9,"column":5}},"2":{"start":{"line":10,"column":4},"end":{"line":10,"column":51}},"3":{"start":{"line":14,"column":12},"end":{"line":14,"column":48}},"4":{"start":{"line":15,"column":4},"end":{"line":19,"column":5}},"5":{"start":{"line":16,"column":14},"end":{"line":16,"column":80}},"6":{"start":{"line":17,"column":6},"end":{"line":17,"column":40}},"7":{"start":{"line":18,"column":6},"end":{"line":18,"column":31}},"8":{"start":{"line":20,"column":4},"end":{"line":20,"column":37}},"9":{"start":{"line":21,"column":4},"end":{"line":21,"column":28}},"10":{"start":{"line":22,"column":4},"end":{"line":22,"column":44}},"11":{"start":{"line":23,"column":4},"end":{"line":23,"column":56}},"12":{"start":{"line":27,"column":4},"end":{"line":35,"column":5}},"13":{"start":{"line":39,"column":21},"end":{"line":54,"column":1}}},"fnMap":{"0":{"name":"(anonymous_0)","decl":{"start":{"line":5,"column":2},"end":{"line":5,"column":3}},"loc":{"start":{"line":5,"column":21},"end":{"line":11,"column":3}},"line":5},"1":{"name":"(anonymous_1)","decl":{"start":{"line":13,"column":2},"end":{"line":13,"column":3}},"loc":{"start":{"line":13,"column":17},"end":{"line":24,"column":3}},"line":13},"2":{"name":"(anonymous_2)","decl":{"start":{"line":26,"column":2},"end":{"line":26,"column":3}},"loc":{"start":{"line":26,"column":11},"end":{"line":36,"column":3}},"line":26}},"branchMap":{"0":{"loc":{"start":{"line":15,"column":4},"end":{"line":19,"column":5}},"type":"if","locations":[{"start":{"line":15,"column":4},"end":{"line":19,"column":5}},{"start":{},"end":{}}],"line":15}},"s":{"0":0,"1":0,"2":0,"3":0,"4":0,"5":0,"6":0,"7":0,"8":0,"9":0,"10":0,"11":0,"12":0,"13":1},"f":{"0":0,"1":0,"2":0},"b":{"0":[0,0]},"_coverageSchema":"1a1c01bbd47fc00a2c39e90264f33305004495a9","hash":"c7f532ebbae59bbeeafce3ebc48e6683638c6a75"}
,"/Users/IanZuber221/Desktop/Hack Reactor/FEC/client/src/RatingsReviews/Reviews/AddReview/PhotoForm.jsx": {"path":"/Users/IanZuber221/Desktop/Hack Reactor/FEC/client/src/RatingsReviews/Reviews/AddReview/PhotoForm.jsx","statementMap":{"0":{"start":{"line":9,"column":44},"end":{"line":9,"column":58}},"1":{"start":{"line":10,"column":36},"end":{"line":10,"column":48}},"2":{"start":{"line":12,"column":14},"end":{"line":12,"column":67}},"3":{"start":{"line":14,"column":22},"end":{"line":29,"column":3}},"4":{"start":{"line":15,"column":13},"end":{"line":15,"column":27}},"5":{"start":{"line":16,"column":4},"end":{"line":16,"column":42}},"6":{"start":{"line":17,"column":4},"end":{"line":17,"column":37}},"7":{"start":{"line":18,"column":19},"end":{"line":20,"column":5}},"8":{"start":{"line":21,"column":4},"end":{"line":28,"column":65}},"9":{"start":{"line":23,"column":8},"end":{"line":23,"column":48}},"10":{"start":{"line":24,"column":8},"end":{"line":24,"column":35}},"11":{"start":{"line":25,"column":8},"end":{"line":25,"column":33}},"12":{"start":{"line":26,"column":8},"end":{"line":26,"column":31}},"13":{"start":{"line":28,"column":22},"end":{"line":28,"column":63}},"14":{"start":{"line":31,"column":2},"end":{"line":50,"column":3}},"15":{"start":{"line":35,"column":10},"end":{"line":35,"column":33}},"16":{"start":{"line":36,"column":10},"end":{"line":36,"column":56}},"17":{"start":{"line":36,"column":34},"end":{"line":36,"column":54}},"18":{"start":{"line":44,"column":10},"end":{"line":44,"column":49}},"19":{"start":{"line":53,"column":18},"end":{"line":60,"column":1}}},"fnMap":{"0":{"name":"PhotoForm","decl":{"start":{"line":8,"column":9},"end":{"line":8,"column":18}},"loc":{"start":{"line":8,"column":26},"end":{"line":51,"column":1}},"line":8},"1":{"name":"(anonymous_1)","decl":{"start":{"line":14,"column":22},"end":{"line":14,"column":23}},"loc":{"start":{"line":14,"column":28},"end":{"line":29,"column":3}},"line":14},"2":{"name":"(anonymous_2)","decl":{"start":{"line":22,"column":12},"end":{"line":22,"column":13}},"loc":{"start":{"line":22,"column":21},"end":{"line":27,"column":7}},"line":22},"3":{"name":"(anonymous_3)","decl":{"start":{"line":28,"column":13},"end":{"line":28,"column":14}},"loc":{"start":{"line":28,"column":22},"end":{"line":28,"column":63}},"line":28},"4":{"name":"(anonymous_4)","decl":{"start":{"line":34,"column":22},"end":{"line":34,"column":23}},"loc":{"start":{"line":34,"column":32},"end":{"line":37,"column":9}},"line":34},"5":{"name":"(anonymous_5)","decl":{"start":{"line":36,"column":21},"end":{"line":36,"column":22}},"loc":{"start":{"line":36,"column":34},"end":{"line":36,"column":54}},"line":36},"6":{"name":"(anonymous_6)","decl":{"start":{"line":43,"column":26},"end":{"line":43,"column":27}},"loc":{"start":{"line":44,"column":10},"end":{"line":44,"column":49}},"line":44}},"branchMap":{"0":{"loc":{"start":{"line":42,"column":7},"end":{"line":45,"column":11}},"type":"binary-expr","locations":[{"start":{"line":42,"column":8},"end":{"line":42,"column":31}},{"start":{"line":43,"column":9},"end":{"line":45,"column":10}}],"line":42}},"s":{"0":0,"1":0,"2":0,"3":0,"4":0,"5":0,"6":0,"7":0,"8":0,"9":0,"10":0,"11":0,"12":0,"13":0,"14":0,"15":0,"16":0,"17":0,"18":0,"19":1},"f":{"0":0,"1":0,"2":0,"3":0,"4":0,"5":0,"6":0},"b":{"0":[0,0]},"_coverageSchema":"1a1c01bbd47fc00a2c39e90264f33305004495a9","hash":"5a8ccc75ea362bf2500f2cf27b21981a5d675889"}
,"/Users/IanZuber221/Desktop/Hack Reactor/FEC/client/src/RatingsReviews/Reviews/AddReview/PhotoTile.jsx": {"path":"/Users/IanZuber221/Desktop/Hack Reactor/FEC/client/src/RatingsReviews/Reviews/AddReview/PhotoTile.jsx","statementMap":{"0":{"start":{"line":5,"column":2},"end":{"line":10,"column":4}},"1":{"start":{"line":13,"column":18},"end":{"line":24,"column":1}},"2":{"start":{"line":26,"column":18},"end":{"line":34,"column":1}}},"fnMap":{"0":{"name":"PhotoTile","decl":{"start":{"line":4,"column":9},"end":{"line":4,"column":18}},"loc":{"start":{"line":4,"column":26},"end":{"line":11,"column":1}},"line":4}},"branchMap":{},"s":{"0":0,"1":1,"2":1},"f":{"0":0},"b":{},"_coverageSchema":"1a1c01bbd47fc00a2c39e90264f33305004495a9","hash":"65ae0380e411368a97995c0ede2e7f1e8ba12a48"}
,"/Users/IanZuber221/Desktop/Hack Reactor/FEC/client/src/RatingsReviews/Reviews/AddReview/PhotoUpload.jsx": {"path":"/Users/IanZuber221/Desktop/Hack Reactor/FEC/client/src/RatingsReviews/Reviews/AddReview/PhotoUpload.jsx","statementMap":{"0":{"start":{"line":5,"column":44},"end":{"line":5,"column":58}},"1":{"start":{"line":7,"column":26},"end":{"line":11,"column":3}},"2":{"start":{"line":8,"column":17},"end":{"line":8,"column":34}},"3":{"start":{"line":9,"column":4},"end":{"line":9,"column":27}},"4":{"start":{"line":10,"column":4},"end":{"line":10,"column":23}},"5":{"start":{"line":13,"column":31},"end":{"line":16,"column":3}},"6":{"start":{"line":14,"column":16},"end":{"line":14,"column":28}},"7":{"start":{"line":15,"column":4},"end":{"line":15,"column":16}},"8":{"start":{"line":18,"column":2},"end":{"line":30,"column":4}},"9":{"start":{"line":33,"column":18},"end":{"line":43,"column":1}},"10":{"start":{"line":45,"column":21},"end":{"line":60,"column":1}}},"fnMap":{"0":{"name":"PhotoUpload","decl":{"start":{"line":4,"column":9},"end":{"line":4,"column":20}},"loc":{"start":{"line":4,"column":47},"end":{"line":31,"column":1}},"line":4},"1":{"name":"(anonymous_1)","decl":{"start":{"line":7,"column":26},"end":{"line":7,"column":27}},"loc":{"start":{"line":7,"column":33},"end":{"line":11,"column":3}},"line":7},"2":{"name":"(anonymous_2)","decl":{"start":{"line":13,"column":31},"end":{"line":13,"column":32}},"loc":{"start":{"line":13,"column":38},"end":{"line":16,"column":3}},"line":13}},"branchMap":{"0":{"loc":{"start":{"line":21,"column":7},"end":{"line":21,"column":61}},"type":"binary-expr","locations":[{"start":{"line":21,"column":8},"end":{"line":21,"column":22}},{"start":{"line":21,"column":28},"end":{"line":21,"column":60}}],"line":21},"1":{"loc":{"start":{"line":22,"column":7},"end":{"line":22,"column":59}},"type":"binary-expr","locations":[{"start":{"line":22,"column":8},"end":{"line":22,"column":21}},{"start":{"line":22,"column":27},"end":{"line":22,"column":58}}],"line":22}},"s":{"0":0,"1":0,"2":0,"3":0,"4":0,"5":0,"6":0,"7":0,"8":0,"9":1,"10":1},"f":{"0":0,"1":0,"2":0},"b":{"0":[0,0],"1":[0,0]},"_coverageSchema":"1a1c01bbd47fc00a2c39e90264f33305004495a9","hash":"f9faa5e3e34be21f29c38902446588238aba0597"}
,"/Users/IanZuber221/Desktop/Hack Reactor/FEC/client/src/RatingsReviews/Reviews/AddReview/ReviewForm.jsx": {"path":"/Users/IanZuber221/Desktop/Hack Reactor/FEC/client/src/RatingsReviews/Reviews/AddReview/ReviewForm.jsx","statementMap":{"0":{"start":{"line":7,"column":19},"end":{"line":21,"column":1}},"1":{"start":{"line":23,"column":20},"end":{"line":39,"column":1}},"2":{"start":{"line":41,"column":17},"end":{"line":51,"column":1}},"3":{"start":{"line":53,"column":18},"end":{"line":61,"column":1}},"4":{"start":{"line":62,"column":17},"end":{"line":72,"column":1}},"5":{"start":{"line":74,"column":20},"end":{"line":76,"column":1}},"6":{"start":{"line":78,"column":23},"end":{"line":83,"column":1}},"7":{"start":{"line":84,"column":20},"end":{"line":97,"column":1}},"8":{"start":{"line":98,"column":21},"end":{"line":113,"column":1}},"9":{"start":{"line":117,"column":4},"end":{"line":117,"column":17}},"10":{"start":{"line":118,"column":4},"end":{"line":129,"column":6}},"11":{"start":{"line":130,"column":4},"end":{"line":130,"column":47}},"12":{"start":{"line":131,"column":4},"end":{"line":131,"column":53}},"13":{"start":{"line":132,"column":4},"end":{"line":132,"column":47}},"14":{"start":{"line":133,"column":4},"end":{"line":133,"column":47}},"15":{"start":{"line":134,"column":4},"end":{"line":134,"column":43}},"16":{"start":{"line":135,"column":4},"end":{"line":135,"column":47}},"17":{"start":{"line":136,"column":4},"end":{"line":136,"column":59}},"18":{"start":{"line":137,"column":4},"end":{"line":137,"column":45}},"19":{"start":{"line":138,"column":4},"end":{"line":138,"column":41}},"20":{"start":{"line":142,"column":17},"end":{"line":142,"column":43}},"21":{"start":{"line":143,"column":4},"end":{"line":143,"column":34}},"22":{"start":{"line":144,"column":4},"end":{"line":146,"column":7}},"23":{"start":{"line":150,"column":4},"end":{"line":150,"column":29}},"24":{"start":{"line":154,"column":4},"end":{"line":154,"column":23}},"25":{"start":{"line":155,"column":23},"end":{"line":165,"column":5}},"26":{"start":{"line":166,"column":4},"end":{"line":178,"column":5}},"27":{"start":{"line":167,"column":6},"end":{"line":167,"column":35}},"28":{"start":{"line":168,"column":11},"end":{"line":178,"column":5}},"29":{"start":{"line":169,"column":6},"end":{"line":169,"column":51}},"30":{"start":{"line":170,"column":11},"end":{"line":178,"column":5}},"31":{"start":{"line":171,"column":6},"end":{"line":171,"column":34}},"32":{"start":{"line":172,"column":11},"end":{"line":178,"column":5}},"33":{"start":{"line":173,"column":6},"end":{"line":173,"column":44}},"34":{"start":{"line":174,"column":11},"end":{"line":178,"column":5}},"35":{"start":{"line":175,"column":6},"end":{"line":175,"column":37}},"36":{"start":{"line":177,"column":6},"end":{"line":177,"column":39}},"37":{"start":{"line":182,"column":4},"end":{"line":182,"column":30}},"38":{"start":{"line":186,"column":4},"end":{"line":186,"column":23}},"39":{"start":{"line":187,"column":4},"end":{"line":189,"column":7}},"40":{"start":{"line":193,"column":4},"end":{"line":193,"column":23}},"41":{"start":{"line":194,"column":4},"end":{"line":194,"column":39}},"42":{"start":{"line":198,"column":4},"end":{"line":200,"column":48}},"43":{"start":{"line":204,"column":4},"end":{"line":210,"column":5}},"44":{"start":{"line":205,"column":6},"end":{"line":205,"column":61}},"45":{"start":{"line":207,"column":6},"end":{"line":207,"column":25}},"46":{"start":{"line":208,"column":17},"end":{"line":208,"column":46}},"47":{"start":{"line":209,"column":6},"end":{"line":209,"column":36}},"48":{"start":{"line":214,"column":16},"end":{"line":214,"column":49}},"49":{"start":{"line":215,"column":4},"end":{"line":226,"column":5}},"50":{"start":{"line":216,"column":6},"end":{"line":221,"column":7}},"51":{"start":{"line":217,"column":8},"end":{"line":217,"column":63}},"52":{"start":{"line":219,"column":23},"end":{"line":219,"column":53}},"53":{"start":{"line":220,"column":8},"end":{"line":220,"column":45}},"54":{"start":{"line":223,"column":17},"end":{"line":223,"column":37}},"55":{"start":{"line":224,"column":6},"end":{"line":224,"column":28}},"56":{"start":{"line":225,"column":6},"end":{"line":225,"column":39}},"57":{"start":{"line":230,"column":4},"end":{"line":302,"column":6}}},"fnMap":{"0":{"name":"(anonymous_0)","decl":{"start":{"line":116,"column":2},"end":{"line":116,"column":3}},"loc":{"start":{"line":116,"column":21},"end":{"line":139,"column":3}},"line":116},"1":{"name":"(anonymous_1)","decl":{"start":{"line":141,"column":2},"end":{"line":141,"column":3}},"loc":{"start":{"line":141,"column":24},"end":{"line":147,"column":3}},"line":141},"2":{"name":"(anonymous_2)","decl":{"start":{"line":149,"column":2},"end":{"line":149,"column":3}},"loc":{"start":{"line":149,"column":14},"end":{"line":151,"column":3}},"line":149},"3":{"name":"(anonymous_3)","decl":{"start":{"line":153,"column":2},"end":{"line":153,"column":3}},"loc":{"start":{"line":153,"column":15},"end":{"line":179,"column":3}},"line":153},"4":{"name":"(anonymous_4)","decl":{"start":{"line":181,"column":2},"end":{"line":181,"column":3}},"loc":{"start":{"line":181,"column":20},"end":{"line":183,"column":3}},"line":181},"5":{"name":"(anonymous_5)","decl":{"start":{"line":185,"column":2},"end":{"line":185,"column":3}},"loc":{"start":{"line":185,"column":18},"end":{"line":190,"column":3}},"line":185},"6":{"name":"(anonymous_6)","decl":{"start":{"line":192,"column":2},"end":{"line":192,"column":3}},"loc":{"start":{"line":192,"column":15},"end":{"line":195,"column":3}},"line":192},"7":{"name":"(anonymous_7)","decl":{"start":{"line":197,"column":2},"end":{"line":197,"column":3}},"loc":{"start":{"line":197,"column":20},"end":{"line":201,"column":3}},"line":197},"8":{"name":"(anonymous_8)","decl":{"start":{"line":203,"column":2},"end":{"line":203,"column":3}},"loc":{"start":{"line":203,"column":18},"end":{"line":211,"column":3}},"line":203},"9":{"name":"(anonymous_9)","decl":{"start":{"line":213,"column":2},"end":{"line":213,"column":3}},"loc":{"start":{"line":213,"column":14},"end":{"line":227,"column":3}},"line":213},"10":{"name":"(anonymous_10)","decl":{"start":{"line":229,"column":2},"end":{"line":229,"column":3}},"loc":{"start":{"line":229,"column":11},"end":{"line":303,"column":3}},"line":229}},"branchMap":{"0":{"loc":{"start":{"line":166,"column":4},"end":{"line":178,"column":5}},"type":"if","locations":[{"start":{"line":166,"column":4},"end":{"line":178,"column":5}},{"start":{"line":168,"column":11},"end":{"line":178,"column":5}}],"line":166},"1":{"loc":{"start":{"line":168,"column":11},"end":{"line":178,"column":5}},"type":"if","locations":[{"start":{"line":168,"column":11},"end":{"line":178,"column":5}},{"start":{"line":170,"column":11},"end":{"line":178,"column":5}}],"line":168},"2":{"loc":{"start":{"line":170,"column":11},"end":{"line":178,"column":5}},"type":"if","locations":[{"start":{"line":170,"column":11},"end":{"line":178,"column":5}},{"start":{"line":172,"column":11},"end":{"line":178,"column":5}}],"line":170},"3":{"loc":{"start":{"line":172,"column":11},"end":{"line":178,"column":5}},"type":"if","locations":[{"start":{"line":172,"column":11},"end":{"line":178,"column":5}},{"start":{"line":174,"column":11},"end":{"line":178,"column":5}}],"line":172},"4":{"loc":{"start":{"line":174,"column":11},"end":{"line":178,"column":5}},"type":"if","locations":[{"start":{"line":174,"column":11},"end":{"line":178,"column":5}},{"start":{"line":176,"column":11},"end":{"line":178,"column":5}}],"line":174},"5":{"loc":{"start":{"line":198,"column":4},"end":{"line":200,"column":47}},"type":"cond-expr","locations":[{"start":{"line":199,"column":8},"end":{"line":199,"column":46}},{"start":{"line":200,"column":8},"end":{"line":200,"column":47}}],"line":198},"6":{"loc":{"start":{"line":204,"column":4},"end":{"line":210,"column":5}},"type":"if","locations":[{"start":{"line":204,"column":4},"end":{"line":210,"column":5}},{"start":{"line":206,"column":11},"end":{"line":210,"column":5}}],"line":204},"7":{"loc":{"start":{"line":215,"column":4},"end":{"line":226,"column":5}},"type":"if","locations":[{"start":{"line":215,"column":4},"end":{"line":226,"column":5}},{"start":{"line":222,"column":11},"end":{"line":226,"column":5}}],"line":215},"8":{"loc":{"start":{"line":216,"column":6},"end":{"line":221,"column":7}},"type":"if","locations":[{"start":{"line":216,"column":6},"end":{"line":221,"column":7}},{"start":{"line":218,"column":13},"end":{"line":221,"column":7}}],"line":216},"9":{"loc":{"start":{"line":265,"column":15},"end":{"line":265,"column":99}},"type":"binary-expr","locations":[{"start":{"line":265,"column":16},"end":{"line":265,"column":36}},{"start":{"line":265,"column":42},"end":{"line":265,"column":98}}],"line":265},"10":{"loc":{"start":{"line":293,"column":13},"end":{"line":293,"column":127}},"type":"binary-expr","locations":[{"start":{"line":293,"column":13},"end":{"line":293,"column":37}},{"start":{"line":293,"column":41},"end":{"line":293,"column":127}}],"line":293}},"s":{"0":1,"1":1,"2":1,"3":1,"4":1,"5":1,"6":1,"7":1,"8":1,"9":0,"10":0,"11":0,"12":0,"13":0,"14":0,"15":0,"16":0,"17":0,"18":0,"19":0,"20":0,"21":0,"22":0,"23":0,"24":0,"25":0,"26":0,"27":0,"28":0,"29":0,"30":0,"31":0,"32":0,"33":0,"34":0,"35":0,"36":0,"37":0,"38":0,"39":0,"40":0,"41":0,"42":0,"43":0,"44":0,"45":0,"46":0,"47":0,"48":0,"49":0,"50":0,"51":0,"52":0,"53":0,"54":0,"55":0,"56":0,"57":0},"f":{"0":0,"1":0,"2":0,"3":0,"4":0,"5":0,"6":0,"7":0,"8":0,"9":0,"10":0},"b":{"0":[0,0],"1":[0,0],"2":[0,0],"3":[0,0],"4":[0,0],"5":[0,0],"6":[0,0],"7":[0,0],"8":[0,0],"9":[0,0],"10":[0,0]},"_coverageSchema":"1a1c01bbd47fc00a2c39e90264f33305004495a9","hash":"74c38414f4f3d5f82d4adf8f7595730b9992aee0"}
,"/Users/IanZuber221/Desktop/Hack Reactor/FEC/client/src/RatingsReviews/Reviews/AddReview/StarRatingBar.jsx": {"path":"/Users/IanZuber221/Desktop/Hack Reactor/FEC/client/src/RatingsReviews/Reviews/AddReview/StarRatingBar.jsx","statementMap":{"0":{"start":{"line":9,"column":4},"end":{"line":9,"column":17}},"1":{"start":{"line":10,"column":4},"end":{"line":13,"column":6}},"2":{"start":{"line":14,"column":4},"end":{"line":14,"column":51}},"3":{"start":{"line":15,"column":4},"end":{"line":15,"column":51}},"4":{"start":{"line":19,"column":4},"end":{"line":30,"column":5}},"5":{"start":{"line":20,"column":16},"end":{"line":20,"column":37}},"6":{"start":{"line":21,"column":6},"end":{"line":29,"column":7}},"7":{"start":{"line":21,"column":19},"end":{"line":21,"column":20}},"8":{"start":{"line":22,"column":18},"end":{"line":22,"column":29}},"9":{"start":{"line":23,"column":18},"end":{"line":23,"column":44}},"10":{"start":{"line":24,"column":8},"end":{"line":28,"column":9}},"11":{"start":{"line":25,"column":10},"end":{"line":25,"column":30}},"12":{"start":{"line":27,"column":10},"end":{"line":27,"column":30}},"13":{"start":{"line":34,"column":19},"end":{"line":34,"column":40}},"14":{"start":{"line":35,"column":4},"end":{"line":44,"column":5}},"15":{"start":{"line":35,"column":17},"end":{"line":35,"column":18}},"16":{"start":{"line":36,"column":16},"end":{"line":36,"column":27}},"17":{"start":{"line":37,"column":16},"end":{"line":37,"column":42}},"18":{"start":{"line":39,"column":6},"end":{"line":43,"column":7}},"19":{"start":{"line":40,"column":8},"end":{"line":40,"column":28}},"20":{"start":{"line":42,"column":8},"end":{"line":42,"column":28}},"21":{"start":{"line":45,"column":4},"end":{"line":45,"column":46}},"22":{"start":{"line":46,"column":4},"end":{"line":46,"column":33}},"23":{"start":{"line":50,"column":4},"end":{"line":58,"column":6}},"24":{"start":{"line":62,"column":22},"end":{"line":69,"column":1}},"25":{"start":{"line":71,"column":13},"end":{"line":77,"column":1}}},"fnMap":{"0":{"name":"(anonymous_0)","decl":{"start":{"line":8,"column":2},"end":{"line":8,"column":3}},"loc":{"start":{"line":8,"column":21},"end":{"line":16,"column":3}},"line":8},"1":{"name":"(anonymous_1)","decl":{"start":{"line":18,"column":2},"end":{"line":18,"column":3}},"loc":{"start":{"line":18,"column":17},"end":{"line":31,"column":3}},"line":18},"2":{"name":"(anonymous_2)","decl":{"start":{"line":33,"column":2},"end":{"line":33,"column":3}},"loc":{"start":{"line":33,"column":17},"end":{"line":47,"column":3}},"line":33},"3":{"name":"(anonymous_3)","decl":{"start":{"line":49,"column":2},"end":{"line":49,"column":3}},"loc":{"start":{"line":49,"column":11},"end":{"line":59,"column":3}},"line":49}},"branchMap":{"0":{"loc":{"start":{"line":19,"column":4},"end":{"line":30,"column":5}},"type":"if","locations":[{"start":{"line":19,"column":4},"end":{"line":30,"column":5}},{"start":{},"end":{}}],"line":19},"1":{"loc":{"start":{"line":24,"column":8},"end":{"line":28,"column":9}},"type":"if","locations":[{"start":{"line":24,"column":8},"end":{"line":28,"column":9}},{"start":{"line":26,"column":15},"end":{"line":28,"column":9}}],"line":24},"2":{"loc":{"start":{"line":39,"column":6},"end":{"line":43,"column":7}},"type":"if","locations":[{"start":{"line":39,"column":6},"end":{"line":43,"column":7}},{"start":{"line":41,"column":13},"end":{"line":43,"column":7}}],"line":39}},"s":{"0":0,"1":0,"2":0,"3":0,"4":0,"5":0,"6":0,"7":0,"8":0,"9":0,"10":0,"11":0,"12":0,"13":0,"14":0,"15":0,"16":0,"17":0,"18":0,"19":0,"20":0,"21":0,"22":0,"23":0,"24":1,"25":1},"f":{"0":0,"1":0,"2":0,"3":0},"b":{"0":[0,0],"1":[0,0],"2":[0,0]},"_coverageSchema":"1a1c01bbd47fc00a2c39e90264f33305004495a9","hash":"90f6b80f73edd53d4bacf2a928ee987fee9b379f"}
,"/Users/IanZuber221/Desktop/Hack Reactor/FEC/client/src/RatingsReviews/lib/ratingToPercentage.js": {"path":"/Users/IanZuber221/Desktop/Hack Reactor/FEC/client/src/RatingsReviews/lib/ratingToPercentage.js","statementMap":{"0":{"start":{"line":2,"column":21},"end":{"line":2,"column":39}},"1":{"start":{"line":3,"column":18},"end":{"line":3,"column":58}},"2":{"start":{"line":4,"column":2},"end":{"line":4,"column":17}}},"fnMap":{"0":{"name":"ratingToPercentage","decl":{"start":{"line":1,"column":9},"end":{"line":1,"column":27}},"loc":{"start":{"line":1,"column":36},"end":{"line":5,"column":1}},"line":1}},"branchMap":{},"s":{"0":0,"1":0,"2":0},"f":{"0":0},"b":{},"_coverageSchema":"1a1c01bbd47fc00a2c39e90264f33305004495a9","hash":"b00c39c96ec6c8c272428a75f612b33f52d1fa81"}
,"/Users/IanZuber221/Desktop/Hack Reactor/FEC/client/src/product-details/ProductDetails.jsx": {"path":"/Users/IanZuber221/Desktop/Hack Reactor/FEC/client/src/product-details/ProductDetails.jsx","statementMap":{"0":{"start":{"line":6,"column":2},"end":{"line":48,"column":3}},"1":{"start":{"line":7,"column":21},"end":{"line":7,"column":24}},"2":{"start":{"line":9,"column":24},"end":{"line":9,"column":25}},"3":{"start":{"line":10,"column":23},"end":{"line":10,"column":24}},"4":{"start":{"line":11,"column":4},"end":{"line":14,"column":5}},"5":{"start":{"line":11,"column":17},"end":{"line":11,"column":18}},"6":{"start":{"line":12,"column":6},"end":{"line":12,"column":63}},"7":{"start":{"line":13,"column":6},"end":{"line":13,"column":58}},"8":{"start":{"line":16,"column":4},"end":{"line":16,"column":34}},"9":{"start":{"line":17,"column":4},"end":{"line":17,"column":45}},"10":{"start":{"line":19,"column":4},"end":{"line":35,"column":5}},"11":{"start":{"line":20,"column":6},"end":{"line":34,"column":8}},"12":{"start":{"line":36,"column":4},"end":{"line":47,"column":6}},"13":{"start":{"line":50,"column":2},"end":{"line":65,"column":3}},"14":{"start":{"line":51,"column":4},"end":{"line":64,"column":6}},"15":{"start":{"line":67,"column":2},"end":{"line":77,"column":4}}},"fnMap":{"0":{"name":"ProductDetails","decl":{"start":{"line":5,"column":9},"end":{"line":5,"column":23}},"loc":{"start":{"line":5,"column":67},"end":{"line":78,"column":1}},"line":5}},"branchMap":{"0":{"loc":{"start":{"line":6,"column":2},"end":{"line":48,"column":3}},"type":"if","locations":[{"start":{"line":6,"column":2},"end":{"line":48,"column":3}},{"start":{},"end":{}}],"line":6},"1":{"loc":{"start":{"line":19,"column":4},"end":{"line":35,"column":5}},"type":"if","locations":[{"start":{"line":19,"column":4},"end":{"line":35,"column":5}},{"start":{},"end":{}}],"line":19},"2":{"loc":{"start":{"line":50,"column":2},"end":{"line":65,"column":3}},"type":"if","locations":[{"start":{"line":50,"column":2},"end":{"line":65,"column":3}},{"start":{},"end":{}}],"line":50}},"s":{"0":0,"1":0,"2":0,"3":0,"4":0,"5":0,"6":0,"7":0,"8":0,"9":0,"10":0,"11":0,"12":0,"13":0,"14":0,"15":0},"f":{"0":0},"b":{"0":[0,0],"1":[0,0],"2":[0,0]},"_coverageSchema":"1a1c01bbd47fc00a2c39e90264f33305004495a9","hash":"7a150099347492509715db4eb18ab7585a2cf836"}
,"/Users/IanZuber221/Desktop/Hack Reactor/FEC/client/src/related-items/comparison.jsx": {"path":"/Users/IanZuber221/Desktop/Hack Reactor/FEC/client/src/related-items/comparison.jsx","statementMap":{"0":{"start":{"line":7,"column":44},"end":{"line":7,"column":54}},"1":{"start":{"line":8,"column":30},"end":{"line":8,"column":67}},"2":{"start":{"line":10,"column":28},"end":{"line":54,"column":3}},"3":{"start":{"line":11,"column":25},"end":{"line":11,"column":27}},"4":{"start":{"line":12,"column":16},"end":{"line":12,"column":17}},"5":{"start":{"line":13,"column":4},"end":{"line":38,"column":5}},"6":{"start":{"line":14,"column":30},"end":{"line":14,"column":50}},"7":{"start":{"line":15,"column":31},"end":{"line":15,"column":52}},"8":{"start":{"line":16,"column":6},"end":{"line":25,"column":7}},"9":{"start":{"line":17,"column":8},"end":{"line":24,"column":9}},"10":{"start":{"line":18,"column":10},"end":{"line":21,"column":12}},"11":{"start":{"line":23,"column":10},"end":{"line":23,"column":79}},"12":{"start":{"line":26,"column":6},"end":{"line":36,"column":7}},"13":{"start":{"line":27,"column":8},"end":{"line":35,"column":9}},"14":{"start":{"line":28,"column":10},"end":{"line":31,"column":12}},"15":{"start":{"line":33,"column":10},"end":{"line":34,"column":37}},"16":{"start":{"line":37,"column":6},"end":{"line":37,"column":14}},"17":{"start":{"line":39,"column":4},"end":{"line":39,"column":30}},"18":{"start":{"line":40,"column":22},"end":{"line":40,"column":24}},"19":{"start":{"line":41,"column":4},"end":{"line":52,"column":5}},"20":{"start":{"line":43,"column":6},"end":{"line":51,"column":7}},"21":{"start":{"line":44,"column":8},"end":{"line":50,"column":10}},"22":{"start":{"line":53,"column":4},"end":{"line":53,"column":21}},"23":{"start":{"line":60,"column":18},"end":{"line":63,"column":3}},"24":{"start":{"line":65,"column":2},"end":{"line":98,"column":4}},"25":{"start":{"line":74,"column":29},"end":{"line":74,"column":46}},"26":{"start":{"line":93,"column":35},"end":{"line":93,"column":52}}},"fnMap":{"0":{"name":"Comparison","decl":{"start":{"line":6,"column":9},"end":{"line":6,"column":19}},"loc":{"start":{"line":6,"column":52},"end":{"line":99,"column":1}},"line":6},"1":{"name":"(anonymous_1)","decl":{"start":{"line":10,"column":28},"end":{"line":10,"column":29}},"loc":{"start":{"line":10,"column":63},"end":{"line":54,"column":3}},"line":10},"2":{"name":"(anonymous_2)","decl":{"start":{"line":74,"column":23},"end":{"line":74,"column":24}},"loc":{"start":{"line":74,"column":29},"end":{"line":74,"column":46}},"line":74},"3":{"name":"(anonymous_3)","decl":{"start":{"line":93,"column":29},"end":{"line":93,"column":30}},"loc":{"start":{"line":93,"column":35},"end":{"line":93,"column":52}},"line":93}},"branchMap":{"0":{"loc":{"start":{"line":13,"column":11},"end":{"line":13,"column":72}},"type":"binary-expr","locations":[{"start":{"line":13,"column":11},"end":{"line":13,"column":39}},{"start":{"line":13,"column":43},"end":{"line":13,"column":72}}],"line":13},"1":{"loc":{"start":{"line":16,"column":6},"end":{"line":25,"column":7}},"type":"if","locations":[{"start":{"line":16,"column":6},"end":{"line":25,"column":7}},{"start":{},"end":{}}],"line":16},"2":{"loc":{"start":{"line":17,"column":8},"end":{"line":24,"column":9}},"type":"if","locations":[{"start":{"line":17,"column":8},"end":{"line":24,"column":9}},{"start":{"line":22,"column":15},"end":{"line":24,"column":9}}],"line":17},"3":{"loc":{"start":{"line":26,"column":6},"end":{"line":36,"column":7}},"type":"if","locations":[{"start":{"line":26,"column":6},"end":{"line":36,"column":7}},{"start":{},"end":{}}],"line":26},"4":{"loc":{"start":{"line":27,"column":8},"end":{"line":35,"column":9}},"type":"if","locations":[{"start":{"line":27,"column":8},"end":{"line":35,"column":9}},{"start":{"line":32,"column":15},"end":{"line":35,"column":9}}],"line":27},"5":{"loc":{"start":{"line":41,"column":4},"end":{"line":52,"column":5}},"type":"if","locations":[{"start":{"line":41,"column":4},"end":{"line":52,"column":5}},{"start":{},"end":{}}],"line":41},"6":{"loc":{"start":{"line":46,"column":17},"end":{"line":46,"column":44}},"type":"binary-expr","locations":[{"start":{"line":46,"column":17},"end":{"line":46,"column":37}},{"start":{"line":46,"column":41},"end":{"line":46,"column":44}}],"line":46},"7":{"loc":{"start":{"line":48,"column":17},"end":{"line":48,"column":44}},"type":"binary-expr","locations":[{"start":{"line":48,"column":17},"end":{"line":48,"column":37}},{"start":{"line":48,"column":41},"end":{"line":48,"column":44}}],"line":48}},"s":{"0":0,"1":0,"2":0,"3":0,"4":0,"5":0,"6":0,"7":0,"8":0,"9":0,"10":0,"11":0,"12":0,"13":0,"14":0,"15":0,"16":0,"17":0,"18":0,"19":0,"20":0,"21":0,"22":0,"23":0,"24":0,"25":0,"26":0},"f":{"0":0,"1":0,"2":0,"3":0},"b":{"0":[0,0],"1":[0,0],"2":[0,0],"3":[0,0],"4":[0,0],"5":[0,0],"6":[0,0],"7":[0,0]},"_coverageSchema":"1a1c01bbd47fc00a2c39e90264f33305004495a9","hash":"cde433a5e6dc66a2894b5390ef78c7f3fc31bde0"}
,"/Users/IanZuber221/Desktop/Hack Reactor/FEC/client/src/related-items/outfitList.jsx": {"path":"/Users/IanZuber221/Desktop/Hack Reactor/FEC/client/src/related-items/outfitList.jsx","statementMap":{"0":{"start":{"line":12,"column":24},"end":{"line":41,"column":3}},"1":{"start":{"line":13,"column":27},"end":{"line":13,"column":29}},"2":{"start":{"line":14,"column":4},"end":{"line":39,"column":5}},"3":{"start":{"line":14,"column":17},"end":{"line":14,"column":18}},"4":{"start":{"line":15,"column":6},"end":{"line":15,"column":38}},"5":{"start":{"line":16,"column":26},"end":{"line":19,"column":7}},"6":{"start":{"line":17,"column":25},"end":{"line":17,"column":58}},"7":{"start":{"line":20,"column":24},"end":{"line":20,"column":69}},"8":{"start":{"line":21,"column":28},"end":{"line":31,"column":7}},"9":{"start":{"line":32,"column":6},"end":{"line":38,"column":8}},"10":{"start":{"line":40,"column":4},"end":{"line":40,"column":26}},"11":{"start":{"line":43,"column":20},"end":{"line":43,"column":28}},"12":{"start":{"line":44,"column":24},"end":{"line":44,"column":32}},"13":{"start":{"line":45,"column":25},"end":{"line":45,"column":33}},"14":{"start":{"line":47,"column":19},"end":{"line":58,"column":3}},"15":{"start":{"line":48,"column":4},"end":{"line":48,"column":23}},"16":{"start":{"line":49,"column":4},"end":{"line":55,"column":5}},"17":{"start":{"line":51,"column":8},"end":{"line":51,"column":44}},"18":{"start":{"line":52,"column":8},"end":{"line":52,"column":14}},"19":{"start":{"line":54,"column":8},"end":{"line":54,"column":43}},"20":{"start":{"line":56,"column":4},"end":{"line":56,"column":18}},"21":{"start":{"line":59,"column":22},"end":{"line":71,"column":3}},"22":{"start":{"line":60,"column":4},"end":{"line":60,"column":38}},"23":{"start":{"line":61,"column":4},"end":{"line":65,"column":5}},"24":{"start":{"line":62,"column":6},"end":{"line":62,"column":44}},"25":{"start":{"line":64,"column":6},"end":{"line":64,"column":49}},"26":{"start":{"line":66,"column":4},"end":{"line":70,"column":5}},"27":{"start":{"line":67,"column":6},"end":{"line":67,"column":45}},"28":{"start":{"line":69,"column":6},"end":{"line":69,"column":51}},"29":{"start":{"line":74,"column":2},"end":{"line":86,"column":3}},"30":{"start":{"line":79,"column":4},"end":{"line":83,"column":6}},"31":{"start":{"line":85,"column":4},"end":{"line":85,"column":19}},"32":{"start":{"line":88,"column":2},"end":{"line":108,"column":4}},"33":{"start":{"line":94,"column":24},"end":{"line":94,"column":43}},"34":{"start":{"line":102,"column":24},"end":{"line":102,"column":44}}},"fnMap":{"0":{"name":"OutfitList","decl":{"start":{"line":6,"column":9},"end":{"line":6,"column":19}},"loc":{"start":{"line":10,"column":3},"end":{"line":109,"column":1}},"line":10},"1":{"name":"(anonymous_1)","decl":{"start":{"line":12,"column":24},"end":{"line":12,"column":25}},"loc":{"start":{"line":12,"column":50},"end":{"line":41,"column":3}},"line":12},"2":{"name":"(anonymous_2)","decl":{"start":{"line":17,"column":8},"end":{"line":17,"column":9}},"loc":{"start":{"line":17,"column":25},"end":{"line":17,"column":58}},"line":17},"3":{"name":"(anonymous_3)","decl":{"start":{"line":47,"column":19},"end":{"line":47,"column":20}},"loc":{"start":{"line":47,"column":37},"end":{"line":58,"column":3}},"line":47},"4":{"name":"(anonymous_4)","decl":{"start":{"line":59,"column":22},"end":{"line":59,"column":23}},"loc":{"start":{"line":59,"column":29},"end":{"line":71,"column":3}},"line":59},"5":{"name":"(anonymous_5)","decl":{"start":{"line":94,"column":17},"end":{"line":94,"column":18}},"loc":{"start":{"line":94,"column":24},"end":{"line":94,"column":43}},"line":94},"6":{"name":"(anonymous_6)","decl":{"start":{"line":102,"column":17},"end":{"line":102,"column":18}},"loc":{"start":{"line":102,"column":24},"end":{"line":102,"column":44}},"line":102}},"branchMap":{"0":{"loc":{"start":{"line":22,"column":12},"end":{"line":22,"column":40}},"type":"binary-expr","locations":[{"start":{"line":22,"column":12},"end":{"line":22,"column":32}},{"start":{"line":22,"column":36},"end":{"line":22,"column":40}}],"line":22},"1":{"loc":{"start":{"line":23,"column":15},"end":{"line":23,"column":50}},"type":"binary-expr","locations":[{"start":{"line":23,"column":15},"end":{"line":23,"column":42}},{"start":{"line":23,"column":46},"end":{"line":23,"column":50}}],"line":23},"2":{"loc":{"start":{"line":24,"column":18},"end":{"line":24,"column":41}},"type":"binary-expr","locations":[{"start":{"line":24,"column":18},"end":{"line":24,"column":33}},{"start":{"line":24,"column":37},"end":{"line":24,"column":41}}],"line":24},"3":{"loc":{"start":{"line":25,"column":14},"end":{"line":25,"column":33}},"type":"binary-expr","locations":[{"start":{"line":25,"column":14},"end":{"line":25,"column":25}},{"start":{"line":25,"column":29},"end":{"line":25,"column":33}}],"line":25},"4":{"loc":{"start":{"line":26,"column":15},"end":{"line":26,"column":58}},"type":"binary-expr","locations":[{"start":{"line":26,"column":15},"end":{"line":26,"column":50}},{"start":{"line":26,"column":54},"end":{"line":26,"column":58}}],"line":26},"5":{"loc":{"start":{"line":27,"column":25},"end":{"line":27,"column":64}},"type":"binary-expr","locations":[{"start":{"line":27,"column":25},"end":{"line":27,"column":56}},{"start":{"line":27,"column":60},"end":{"line":27,"column":64}}],"line":27},"6":{"loc":{"start":{"line":29,"column":21},"end":{"line":29,"column":47}},"type":"binary-expr","locations":[{"start":{"line":29,"column":21},"end":{"line":29,"column":39}},{"start":{"line":29,"column":43},"end":{"line":29,"column":47}}],"line":29},"7":{"loc":{"start":{"line":30,"column":18},"end":{"line":30,"column":41}},"type":"binary-expr","locations":[{"start":{"line":30,"column":18},"end":{"line":30,"column":33}},{"start":{"line":30,"column":37},"end":{"line":30,"column":41}}],"line":30},"8":{"loc":{"start":{"line":49,"column":4},"end":{"line":55,"column":5}},"type":"switch","locations":[{"start":{"line":50,"column":6},"end":{"line":52,"column":14}},{"start":{"line":53,"column":6},"end":{"line":54,"column":43}}],"line":49},"9":{"loc":{"start":{"line":61,"column":4},"end":{"line":65,"column":5}},"type":"if","locations":[{"start":{"line":61,"column":4},"end":{"line":65,"column":5}},{"start":{"line":63,"column":11},"end":{"line":65,"column":5}}],"line":61},"10":{"loc":{"start":{"line":66,"column":4},"end":{"line":70,"column":5}},"type":"if","locations":[{"start":{"line":66,"column":4},"end":{"line":70,"column":5}},{"start":{"line":68,"column":11},"end":{"line":70,"column":5}}],"line":66},"11":{"loc":{"start":{"line":74,"column":2},"end":{"line":86,"column":3}},"type":"if","locations":[{"start":{"line":74,"column":2},"end":{"line":86,"column":3}},{"start":{"line":84,"column":9},"end":{"line":86,"column":3}}],"line":74},"12":{"loc":{"start":{"line":75,"column":4},"end":{"line":77,"column":26}},"type":"binary-expr","locations":[{"start":{"line":75,"column":4},"end":{"line":75,"column":27}},{"start":{"line":76,"column":4},"end":{"line":76,"column":24}},{"start":{"line":77,"column":4},"end":{"line":77,"column":26}}],"line":75}},"s":{"0":1,"1":0,"2":0,"3":0,"4":0,"5":0,"6":0,"7":0,"8":0,"9":0,"10":0,"11":1,"12":1,"13":1,"14":1,"15":0,"16":0,"17":0,"18":0,"19":0,"20":0,"21":1,"22":0,"23":0,"24":0,"25":0,"26":0,"27":0,"28":0,"29":1,"30":0,"31":1,"32":1,"33":0,"34":0},"f":{"0":1,"1":0,"2":0,"3":0,"4":0,"5":0,"6":0},"b":{"0":[0,0],"1":[0,0],"2":[0,0],"3":[0,0],"4":[0,0],"5":[0,0],"6":[0,0],"7":[0,0],"8":[0,0],"9":[0,0],"10":[0,0],"11":[0,1],"12":[1,0,0]},"_coverageSchema":"1a1c01bbd47fc00a2c39e90264f33305004495a9","hash":"fe52d1db9f66048733da73831d0e28c39849eb77"}
,"/Users/IanZuber221/Desktop/Hack Reactor/FEC/client/src/related-items/product.jsx": {"path":"/Users/IanZuber221/Desktop/Hack Reactor/FEC/client/src/related-items/product.jsx","statementMap":{"0":{"start":{"line":10,"column":34},"end":{"line":10,"column":45}},"1":{"start":{"line":11,"column":36},"end":{"line":11,"column":51}},"2":{"start":{"line":12,"column":28},"end":{"line":12,"column":53}},"3":{"start":{"line":14,"column":27},"end":{"line":18,"column":3}},"4":{"start":{"line":15,"column":4},"end":{"line":17,"column":5}},"5":{"start":{"line":16,"column":6},"end":{"line":16,"column":38}},"6":{"start":{"line":16,"column":28},"end":{"line":16,"column":36}},"7":{"start":{"line":19,"column":26},"end":{"line":23,"column":3}},"8":{"start":{"line":20,"column":4},"end":{"line":22,"column":5}},"9":{"start":{"line":21,"column":6},"end":{"line":21,"column":38}},"10":{"start":{"line":21,"column":28},"end":{"line":21,"column":36}},"11":{"start":{"line":25,"column":33},"end":{"line":27,"column":3}},"12":{"start":{"line":26,"column":4},"end":{"line":26,"column":40}},"13":{"start":{"line":29,"column":2},"end":{"line":69,"column":4}},"14":{"start":{"line":33,"column":59},"end":{"line":33,"column":77}}},"fnMap":{"0":{"name":"Product","decl":{"start":{"line":8,"column":9},"end":{"line":8,"column":16}},"loc":{"start":{"line":8,"column":36},"end":{"line":70,"column":1}},"line":8},"1":{"name":"(anonymous_1)","decl":{"start":{"line":14,"column":27},"end":{"line":14,"column":28}},"loc":{"start":{"line":14,"column":33},"end":{"line":18,"column":3}},"line":14},"2":{"name":"(anonymous_2)","decl":{"start":{"line":16,"column":18},"end":{"line":16,"column":19}},"loc":{"start":{"line":16,"column":28},"end":{"line":16,"column":36}},"line":16},"3":{"name":"(anonymous_3)","decl":{"start":{"line":19,"column":26},"end":{"line":19,"column":27}},"loc":{"start":{"line":19,"column":32},"end":{"line":23,"column":3}},"line":19},"4":{"name":"(anonymous_4)","decl":{"start":{"line":21,"column":18},"end":{"line":21,"column":19}},"loc":{"start":{"line":21,"column":28},"end":{"line":21,"column":36}},"line":21},"5":{"name":"(anonymous_5)","decl":{"start":{"line":25,"column":33},"end":{"line":25,"column":34}},"loc":{"start":{"line":25,"column":39},"end":{"line":27,"column":3}},"line":25},"6":{"name":"(anonymous_6)","decl":{"start":{"line":33,"column":53},"end":{"line":33,"column":54}},"loc":{"start":{"line":33,"column":59},"end":{"line":33,"column":77}},"line":33}},"branchMap":{"0":{"loc":{"start":{"line":15,"column":4},"end":{"line":17,"column":5}},"type":"if","locations":[{"start":{"line":15,"column":4},"end":{"line":17,"column":5}},{"start":{},"end":{}}],"line":15},"1":{"loc":{"start":{"line":20,"column":4},"end":{"line":22,"column":5}},"type":"if","locations":[{"start":{"line":20,"column":4},"end":{"line":22,"column":5}},{"start":{},"end":{}}],"line":20},"2":{"loc":{"start":{"line":36,"column":14},"end":{"line":36,"column":140}},"type":"binary-expr","locations":[{"start":{"line":36,"column":14},"end":{"line":36,"column":57}},{"start":{"line":36,"column":61},"end":{"line":36,"column":140}}],"line":36},"3":{"loc":{"start":{"line":67,"column":7},"end":{"line":67,"column":99}},"type":"binary-expr","locations":[{"start":{"line":67,"column":7},"end":{"line":67,"column":16}},{"start":{"line":67,"column":20},"end":{"line":67,"column":99}}],"line":67}},"s":{"0":0,"1":0,"2":0,"3":0,"4":0,"5":0,"6":0,"7":0,"8":0,"9":0,"10":0,"11":0,"12":0,"13":0,"14":0},"f":{"0":0,"1":0,"2":0,"3":0,"4":0,"5":0,"6":0},"b":{"0":[0,0],"1":[0,0],"2":[0,0],"3":[0,0]},"_coverageSchema":"1a1c01bbd47fc00a2c39e90264f33305004495a9","hash":"52dd54f6287af4197ab4862b2b365a2b48c8336e"}
,"/Users/IanZuber221/Desktop/Hack Reactor/FEC/client/src/related-items/productList.jsx": {"path":"/Users/IanZuber221/Desktop/Hack Reactor/FEC/client/src/related-items/productList.jsx","statementMap":{"0":{"start":{"line":12,"column":24},"end":{"line":41,"column":3}},"1":{"start":{"line":13,"column":27},"end":{"line":13,"column":29}},"2":{"start":{"line":14,"column":4},"end":{"line":39,"column":5}},"3":{"start":{"line":14,"column":17},"end":{"line":14,"column":18}},"4":{"start":{"line":15,"column":6},"end":{"line":15,"column":38}},"5":{"start":{"line":16,"column":26},"end":{"line":19,"column":7}},"6":{"start":{"line":17,"column":25},"end":{"line":17,"column":58}},"7":{"start":{"line":20,"column":24},"end":{"line":20,"column":69}},"8":{"start":{"line":21,"column":28},"end":{"line":31,"column":7}},"9":{"start":{"line":32,"column":6},"end":{"line":38,"column":8}},"10":{"start":{"line":40,"column":4},"end":{"line":40,"column":26}},"11":{"start":{"line":43,"column":20},"end":{"line":43,"column":28}},"12":{"start":{"line":44,"column":24},"end":{"line":44,"column":32}},"13":{"start":{"line":45,"column":25},"end":{"line":45,"column":33}},"14":{"start":{"line":47,"column":19},"end":{"line":58,"column":3}},"15":{"start":{"line":48,"column":4},"end":{"line":48,"column":23}},"16":{"start":{"line":49,"column":4},"end":{"line":55,"column":5}},"17":{"start":{"line":51,"column":8},"end":{"line":51,"column":44}},"18":{"start":{"line":52,"column":8},"end":{"line":52,"column":14}},"19":{"start":{"line":54,"column":8},"end":{"line":54,"column":43}},"20":{"start":{"line":56,"column":4},"end":{"line":56,"column":18}},"21":{"start":{"line":59,"column":22},"end":{"line":71,"column":3}},"22":{"start":{"line":60,"column":4},"end":{"line":60,"column":38}},"23":{"start":{"line":61,"column":4},"end":{"line":65,"column":5}},"24":{"start":{"line":62,"column":6},"end":{"line":62,"column":44}},"25":{"start":{"line":64,"column":6},"end":{"line":64,"column":49}},"26":{"start":{"line":66,"column":4},"end":{"line":70,"column":5}},"27":{"start":{"line":67,"column":6},"end":{"line":67,"column":45}},"28":{"start":{"line":69,"column":6},"end":{"line":69,"column":51}},"29":{"start":{"line":74,"column":2},"end":{"line":86,"column":3}},"30":{"start":{"line":79,"column":4},"end":{"line":83,"column":6}},"31":{"start":{"line":85,"column":4},"end":{"line":85,"column":19}},"32":{"start":{"line":88,"column":2},"end":{"line":108,"column":4}},"33":{"start":{"line":94,"column":24},"end":{"line":94,"column":43}},"34":{"start":{"line":102,"column":24},"end":{"line":102,"column":44}}},"fnMap":{"0":{"name":"ProductList","decl":{"start":{"line":6,"column":9},"end":{"line":6,"column":20}},"loc":{"start":{"line":10,"column":3},"end":{"line":109,"column":1}},"line":10},"1":{"name":"(anonymous_1)","decl":{"start":{"line":12,"column":24},"end":{"line":12,"column":25}},"loc":{"start":{"line":12,"column":50},"end":{"line":41,"column":3}},"line":12},"2":{"name":"(anonymous_2)","decl":{"start":{"line":17,"column":8},"end":{"line":17,"column":9}},"loc":{"start":{"line":17,"column":25},"end":{"line":17,"column":58}},"line":17},"3":{"name":"(anonymous_3)","decl":{"start":{"line":47,"column":19},"end":{"line":47,"column":20}},"loc":{"start":{"line":47,"column":37},"end":{"line":58,"column":3}},"line":47},"4":{"name":"(anonymous_4)","decl":{"start":{"line":59,"column":22},"end":{"line":59,"column":23}},"loc":{"start":{"line":59,"column":29},"end":{"line":71,"column":3}},"line":59},"5":{"name":"(anonymous_5)","decl":{"start":{"line":94,"column":17},"end":{"line":94,"column":18}},"loc":{"start":{"line":94,"column":24},"end":{"line":94,"column":43}},"line":94},"6":{"name":"(anonymous_6)","decl":{"start":{"line":102,"column":17},"end":{"line":102,"column":18}},"loc":{"start":{"line":102,"column":24},"end":{"line":102,"column":44}},"line":102}},"branchMap":{"0":{"loc":{"start":{"line":22,"column":12},"end":{"line":22,"column":40}},"type":"binary-expr","locations":[{"start":{"line":22,"column":12},"end":{"line":22,"column":32}},{"start":{"line":22,"column":36},"end":{"line":22,"column":40}}],"line":22},"1":{"loc":{"start":{"line":23,"column":15},"end":{"line":23,"column":50}},"type":"binary-expr","locations":[{"start":{"line":23,"column":15},"end":{"line":23,"column":42}},{"start":{"line":23,"column":46},"end":{"line":23,"column":50}}],"line":23},"2":{"loc":{"start":{"line":24,"column":18},"end":{"line":24,"column":41}},"type":"binary-expr","locations":[{"start":{"line":24,"column":18},"end":{"line":24,"column":33}},{"start":{"line":24,"column":37},"end":{"line":24,"column":41}}],"line":24},"3":{"loc":{"start":{"line":25,"column":14},"end":{"line":25,"column":33}},"type":"binary-expr","locations":[{"start":{"line":25,"column":14},"end":{"line":25,"column":25}},{"start":{"line":25,"column":29},"end":{"line":25,"column":33}}],"line":25},"4":{"loc":{"start":{"line":26,"column":15},"end":{"line":26,"column":58}},"type":"binary-expr","locations":[{"start":{"line":26,"column":15},"end":{"line":26,"column":50}},{"start":{"line":26,"column":54},"end":{"line":26,"column":58}}],"line":26},"5":{"loc":{"start":{"line":27,"column":25},"end":{"line":27,"column":64}},"type":"binary-expr","locations":[{"start":{"line":27,"column":25},"end":{"line":27,"column":56}},{"start":{"line":27,"column":60},"end":{"line":27,"column":64}}],"line":27},"6":{"loc":{"start":{"line":29,"column":21},"end":{"line":29,"column":47}},"type":"binary-expr","locations":[{"start":{"line":29,"column":21},"end":{"line":29,"column":39}},{"start":{"line":29,"column":43},"end":{"line":29,"column":47}}],"line":29},"7":{"loc":{"start":{"line":30,"column":18},"end":{"line":30,"column":41}},"type":"binary-expr","locations":[{"start":{"line":30,"column":18},"end":{"line":30,"column":33}},{"start":{"line":30,"column":37},"end":{"line":30,"column":41}}],"line":30},"8":{"loc":{"start":{"line":49,"column":4},"end":{"line":55,"column":5}},"type":"switch","locations":[{"start":{"line":50,"column":6},"end":{"line":52,"column":14}},{"start":{"line":53,"column":6},"end":{"line":54,"column":43}}],"line":49},"9":{"loc":{"start":{"line":61,"column":4},"end":{"line":65,"column":5}},"type":"if","locations":[{"start":{"line":61,"column":4},"end":{"line":65,"column":5}},{"start":{"line":63,"column":11},"end":{"line":65,"column":5}}],"line":61},"10":{"loc":{"start":{"line":66,"column":4},"end":{"line":70,"column":5}},"type":"if","locations":[{"start":{"line":66,"column":4},"end":{"line":70,"column":5}},{"start":{"line":68,"column":11},"end":{"line":70,"column":5}}],"line":66},"11":{"loc":{"start":{"line":74,"column":2},"end":{"line":86,"column":3}},"type":"if","locations":[{"start":{"line":74,"column":2},"end":{"line":86,"column":3}},{"start":{"line":84,"column":9},"end":{"line":86,"column":3}}],"line":74},"12":{"loc":{"start":{"line":75,"column":4},"end":{"line":77,"column":26}},"type":"binary-expr","locations":[{"start":{"line":75,"column":4},"end":{"line":75,"column":27}},{"start":{"line":76,"column":4},"end":{"line":76,"column":24}},{"start":{"line":77,"column":4},"end":{"line":77,"column":26}}],"line":75}},"s":{"0":1,"1":0,"2":0,"3":0,"4":0,"5":0,"6":0,"7":0,"8":0,"9":0,"10":0,"11":1,"12":1,"13":1,"14":1,"15":0,"16":0,"17":0,"18":0,"19":0,"20":0,"21":1,"22":0,"23":0,"24":0,"25":0,"26":0,"27":0,"28":0,"29":1,"30":0,"31":1,"32":1,"33":0,"34":0},"f":{"0":1,"1":0,"2":0,"3":0,"4":0,"5":0,"6":0},"b":{"0":[0,0],"1":[0,0],"2":[0,0],"3":[0,0],"4":[0,0],"5":[0,0],"6":[0,0],"7":[0,0],"8":[0,0],"9":[0,0],"10":[0,0],"11":[0,1],"12":[1,0,0]},"_coverageSchema":"1a1c01bbd47fc00a2c39e90264f33305004495a9","hash":"3c65e7d75f747ad7702f737371aa5a25196e489c"}
,"/Users/IanZuber221/Desktop/Hack Reactor/FEC/client/src/related-items/related-items.jsx": {"path":"/Users/IanZuber221/Desktop/Hack Reactor/FEC/client/src/related-items/related-items.jsx","statementMap":{"0":{"start":{"line":12,"column":41},"end":{"line":12,"column":62}},"1":{"start":{"line":15,"column":56},"end":{"line":15,"column":66}},"2":{"start":{"line":16,"column":58},"end":{"line":16,"column":68}},"3":{"start":{"line":17,"column":54},"end":{"line":17,"column":64}},"4":{"start":{"line":18,"column":60},"end":{"line":18,"column":70}},"5":{"start":{"line":19,"column":25},"end":{"line":19,"column":51}},"6":{"start":{"line":20,"column":54},"end":{"line":20,"column":64}},"7":{"start":{"line":21,"column":58},"end":{"line":21,"column":68}},"8":{"start":{"line":22,"column":60},"end":{"line":22,"column":70}},"9":{"start":{"line":26,"column":23},"end":{"line":55,"column":3}},"10":{"start":{"line":27,"column":21},"end":{"line":27,"column":23}},"11":{"start":{"line":28,"column":4},"end":{"line":37,"column":5}},"12":{"start":{"line":28,"column":17},"end":{"line":28,"column":18}},"13":{"start":{"line":29,"column":21},"end":{"line":35,"column":7}},"14":{"start":{"line":36,"column":6},"end":{"line":36,"column":35}},"15":{"start":{"line":38,"column":4},"end":{"line":54,"column":50}},"16":{"start":{"line":40,"column":34},"end":{"line":40,"column":69}},"17":{"start":{"line":40,"column":59},"end":{"line":40,"column":68}},"18":{"start":{"line":41,"column":8},"end":{"line":50,"column":11}},"19":{"start":{"line":42,"column":25},"end":{"line":42,"column":47}},"20":{"start":{"line":43,"column":10},"end":{"line":45,"column":12}},"21":{"start":{"line":44,"column":23},"end":{"line":44,"column":49}},"22":{"start":{"line":46,"column":10},"end":{"line":48,"column":11}},"23":{"start":{"line":47,"column":12},"end":{"line":47,"column":51}},"24":{"start":{"line":49,"column":10},"end":{"line":49,"column":32}},"25":{"start":{"line":52,"column":8},"end":{"line":52,"column":33}},"26":{"start":{"line":54,"column":22},"end":{"line":54,"column":48}},"27":{"start":{"line":58,"column":21},"end":{"line":76,"column":3}},"28":{"start":{"line":59,"column":21},"end":{"line":59,"column":23}},"29":{"start":{"line":60,"column":4},"end":{"line":69,"column":5}},"30":{"start":{"line":60,"column":17},"end":{"line":60,"column":18}},"31":{"start":{"line":61,"column":21},"end":{"line":67,"column":7}},"32":{"start":{"line":68,"column":6},"end":{"line":68,"column":35}},"33":{"start":{"line":70,"column":4},"end":{"line":75,"column":50}},"34":{"start":{"line":73,"column":8},"end":{"line":73,"column":57}},"35":{"start":{"line":73,"column":43},"end":{"line":73,"column":55}},"36":{"start":{"line":75,"column":22},"end":{"line":75,"column":48}},"37":{"start":{"line":78,"column":24},"end":{"line":102,"column":3}},"38":{"start":{"line":79,"column":21},"end":{"line":79,"column":23}},"39":{"start":{"line":80,"column":4},"end":{"line":93,"column":5}},"40":{"start":{"line":80,"column":17},"end":{"line":80,"column":18}},"41":{"start":{"line":81,"column":21},"end":{"line":91,"column":7}},"42":{"start":{"line":92,"column":6},"end":{"line":92,"column":35}},"43":{"start":{"line":94,"column":4},"end":{"line":101,"column":50}},"44":{"start":{"line":99,"column":8},"end":{"line":99,"column":57}},"45":{"start":{"line":99,"column":43},"end":{"line":99,"column":55}},"46":{"start":{"line":101,"column":22},"end":{"line":101,"column":48}},"47":{"start":{"line":130,"column":31},"end":{"line":170,"column":3}},"48":{"start":{"line":131,"column":21},"end":{"line":137,"column":5}},"49":{"start":{"line":138,"column":24},"end":{"line":144,"column":5}},"50":{"start":{"line":145,"column":25},"end":{"line":155,"column":5}},"51":{"start":{"line":157,"column":4},"end":{"line":169,"column":9}},"52":{"start":{"line":161,"column":10},"end":{"line":161,"column":110}},"53":{"start":{"line":161,"column":82},"end":{"line":161,"column":108}},"54":{"start":{"line":162,"column":10},"end":{"line":162,"column":53}},"55":{"start":{"line":163,"column":10},"end":{"line":163,"column":54}},"56":{"start":{"line":164,"column":10},"end":{"line":164,"column":51}},"57":{"start":{"line":168,"column":8},"end":{"line":168,"column":27}},"58":{"start":{"line":172,"column":24},"end":{"line":197,"column":3}},"59":{"start":{"line":173,"column":19},"end":{"line":179,"column":5}},"60":{"start":{"line":180,"column":4},"end":{"line":196,"column":9}},"61":{"start":{"line":182,"column":8},"end":{"line":182,"column":46}},"62":{"start":{"line":183,"column":8},"end":{"line":187,"column":11}},"63":{"start":{"line":190,"column":8},"end":{"line":190,"column":47}},"64":{"start":{"line":191,"column":8},"end":{"line":191,"column":45}},"65":{"start":{"line":192,"column":8},"end":{"line":192,"column":48}},"66":{"start":{"line":195,"column":8},"end":{"line":195,"column":27}},"67":{"start":{"line":199,"column":2},"end":{"line":199,"column":53}},"68":{"start":{"line":199,"column":18},"end":{"line":199,"column":33}},"69":{"start":{"line":200,"column":2},"end":{"line":200,"column":74}},"70":{"start":{"line":200,"column":18},"end":{"line":200,"column":54}},"71":{"start":{"line":202,"column":2},"end":{"line":219,"column":4}}},"fnMap":{"0":{"name":"RelatedItems","decl":{"start":{"line":14,"column":9},"end":{"line":14,"column":21}},"loc":{"start":{"line":14,"column":24},"end":{"line":220,"column":1}},"line":14},"1":{"name":"(anonymous_1)","decl":{"start":{"line":26,"column":23},"end":{"line":26,"column":24}},"loc":{"start":{"line":26,"column":32},"end":{"line":55,"column":3}},"line":26},"2":{"name":"(anonymous_2)","decl":{"start":{"line":39,"column":12},"end":{"line":39,"column":13}},"loc":{"start":{"line":39,"column":28},"end":{"line":53,"column":7}},"line":39},"3":{"name":"(anonymous_3)","decl":{"start":{"line":40,"column":49},"end":{"line":40,"column":50}},"loc":{"start":{"line":40,"column":59},"end":{"line":40,"column":68}},"line":40},"4":{"name":"(anonymous_4)","decl":{"start":{"line":41,"column":30},"end":{"line":41,"column":31}},"loc":{"start":{"line":41,"column":50},"end":{"line":50,"column":9}},"line":41},"5":{"name":"(anonymous_5)","decl":{"start":{"line":44,"column":12},"end":{"line":44,"column":13}},"loc":{"start":{"line":44,"column":23},"end":{"line":44,"column":49}},"line":44},"6":{"name":"(anonymous_6)","decl":{"start":{"line":54,"column":13},"end":{"line":54,"column":14}},"loc":{"start":{"line":54,"column":22},"end":{"line":54,"column":48}},"line":54},"7":{"name":"(anonymous_7)","decl":{"start":{"line":58,"column":21},"end":{"line":58,"column":22}},"loc":{"start":{"line":58,"column":30},"end":{"line":76,"column":3}},"line":58},"8":{"name":"(anonymous_8)","decl":{"start":{"line":71,"column":12},"end":{"line":71,"column":13}},"loc":{"start":{"line":71,"column":28},"end":{"line":74,"column":7}},"line":71},"9":{"name":"(anonymous_9)","decl":{"start":{"line":73,"column":30},"end":{"line":73,"column":31}},"loc":{"start":{"line":73,"column":43},"end":{"line":73,"column":55}},"line":73},"10":{"name":"(anonymous_10)","decl":{"start":{"line":75,"column":13},"end":{"line":75,"column":14}},"loc":{"start":{"line":75,"column":22},"end":{"line":75,"column":48}},"line":75},"11":{"name":"(anonymous_11)","decl":{"start":{"line":78,"column":24},"end":{"line":78,"column":25}},"loc":{"start":{"line":78,"column":33},"end":{"line":102,"column":3}},"line":78},"12":{"name":"(anonymous_12)","decl":{"start":{"line":95,"column":12},"end":{"line":95,"column":13}},"loc":{"start":{"line":95,"column":28},"end":{"line":100,"column":7}},"line":95},"13":{"name":"(anonymous_13)","decl":{"start":{"line":99,"column":30},"end":{"line":99,"column":31}},"loc":{"start":{"line":99,"column":43},"end":{"line":99,"column":55}},"line":99},"14":{"name":"(anonymous_14)","decl":{"start":{"line":101,"column":13},"end":{"line":101,"column":14}},"loc":{"start":{"line":101,"column":22},"end":{"line":101,"column":48}},"line":101},"15":{"name":"(anonymous_15)","decl":{"start":{"line":130,"column":31},"end":{"line":130,"column":32}},"loc":{"start":{"line":130,"column":39},"end":{"line":170,"column":3}},"line":130},"16":{"name":"(anonymous_16)","decl":{"start":{"line":160,"column":21},"end":{"line":160,"column":22}},"loc":{"start":{"line":160,"column":39},"end":{"line":165,"column":9}},"line":160},"17":{"name":"(anonymous_17)","decl":{"start":{"line":161,"column":71},"end":{"line":161,"column":72}},"loc":{"start":{"line":161,"column":82},"end":{"line":161,"column":108}},"line":161},"18":{"name":"(anonymous_18)","decl":{"start":{"line":167,"column":13},"end":{"line":167,"column":14}},"loc":{"start":{"line":167,"column":24},"end":{"line":169,"column":7}},"line":167},"19":{"name":"(anonymous_19)","decl":{"start":{"line":172,"column":24},"end":{"line":172,"column":25}},"loc":{"start":{"line":172,"column":30},"end":{"line":197,"column":3}},"line":172},"20":{"name":"(anonymous_20)","decl":{"start":{"line":181,"column":12},"end":{"line":181,"column":13}},"loc":{"start":{"line":181,"column":26},"end":{"line":188,"column":7}},"line":181},"21":{"name":"(anonymous_21)","decl":{"start":{"line":189,"column":12},"end":{"line":189,"column":13}},"loc":{"start":{"line":189,"column":28},"end":{"line":193,"column":7}},"line":189},"22":{"name":"(anonymous_22)","decl":{"start":{"line":194,"column":13},"end":{"line":194,"column":14}},"loc":{"start":{"line":194,"column":24},"end":{"line":196,"column":7}},"line":194},"23":{"name":"(anonymous_23)","decl":{"start":{"line":199,"column":12},"end":{"line":199,"column":13}},"loc":{"start":{"line":199,"column":18},"end":{"line":199,"column":33}},"line":199},"24":{"name":"(anonymous_24)","decl":{"start":{"line":200,"column":12},"end":{"line":200,"column":13}},"loc":{"start":{"line":200,"column":18},"end":{"line":200,"column":54}},"line":200}},"branchMap":{"0":{"loc":{"start":{"line":46,"column":10},"end":{"line":48,"column":11}},"type":"if","locations":[{"start":{"line":46,"column":10},"end":{"line":48,"column":11}},{"start":{},"end":{}}],"line":46}},"s":{"0":1,"1":1,"2":1,"3":1,"4":1,"5":1,"6":1,"7":1,"8":1,"9":1,"10":0,"11":0,"12":0,"13":0,"14":0,"15":0,"16":0,"17":0,"18":0,"19":0,"20":0,"21":0,"22":0,"23":0,"24":0,"25":0,"26":0,"27":1,"28":0,"29":0,"30":0,"31":0,"32":0,"33":0,"34":0,"35":0,"36":0,"37":1,"38":0,"39":0,"40":0,"41":0,"42":0,"43":0,"44":0,"45":0,"46":0,"47":1,"48":1,"49":1,"50":1,"51":1,"52":0,"53":0,"54":0,"55":0,"56":0,"57":0,"58":1,"59":1,"60":1,"61":0,"62":0,"63":0,"64":0,"65":0,"66":0,"67":1,"68":1,"69":1,"70":1,"71":1},"f":{"0":1,"1":0,"2":0,"3":0,"4":0,"5":0,"6":0,"7":0,"8":0,"9":0,"10":0,"11":0,"12":0,"13":0,"14":0,"15":1,"16":0,"17":0,"18":0,"19":1,"20":0,"21":0,"22":0,"23":1,"24":1},"b":{"0":[0,0]},"_coverageSchema":"1a1c01bbd47fc00a2c39e90264f33305004495a9","hash":"4abcb82b730f19814e77bc082e4fc59ba91f0b68"}
,"/Users/IanZuber221/Desktop/Hack Reactor/FEC/client/src/related-items/styles/list.styled.js": {"path":"/Users/IanZuber221/Desktop/Hack Reactor/FEC/client/src/related-items/styles/list.styled.js","statementMap":{"0":{"start":{"line":3,"column":26},"end":{"line":47,"column":1}},"1":{"start":{"line":49,"column":26},"end":{"line":119,"column":1}},"2":{"start":{"line":121,"column":27},"end":{"line":151,"column":1}},"3":{"start":{"line":153,"column":28},"end":{"line":162,"column":1}},"4":{"start":{"line":164,"column":42},"end":{"line":167,"column":1}}},"fnMap":{},"branchMap":{},"s":{"0":1,"1":1,"2":1,"3":1,"4":1},"f":{},"b":{},"_coverageSchema":"1a1c01bbd47fc00a2c39e90264f33305004495a9","hash":"c7d56fb59573db4720257d2c5a7d91ab25076f93"}
}
