TN:
SF:client/src/related-items/outfitList.jsx
FN:3,OutfitList
FNF:1
FNH:1
FNDA:1,OutfitList
DA:4,1
LF:1
LH:1
BRF:0
BRH:0
end_of_record
TN:
SF:client/src/related-items/product.jsx
FN:4,Product
FNF:1
FNH:0
FNDA:0,Product
DA:5,0
LF:1
LH:0
BRF:0
BRH:0
end_of_record
TN:
SF:client/src/related-items/productList.jsx
FN:5,ProductList
FN:10,(anonymous_1)
FN:14,(anonymous_2)
FNF:3
FNH:1
FNDA:1,ProductList
FNDA:0,(anonymous_1)
FNDA:0,(anonymous_2)
DA:10,1
DA:11,0
DA:12,0
DA:13,0
DA:14,0
DA:17,0
DA:18,0
DA:29,0
DA:37,0
DA:40,1
DA:45,0
DA:51,1
DA:53,1
LF:13
LH:4
BRDA:19,0,0,0
BRDA:19,0,1,0
BRDA:20,1,0,0
BRDA:20,1,1,0
BRDA:21,2,0,0
BRDA:21,2,1,0
BRDA:22,3,0,0
BRDA:22,3,1,0
BRDA:23,4,0,0
BRDA:23,4,1,0
BRDA:24,5,0,0
BRDA:24,5,1,0
BRDA:26,6,0,0
BRDA:26,6,1,0
BRDA:27,7,0,0
BRDA:27,7,1,0
BRDA:40,8,0,0
BRDA:40,8,1,1
BRDA:41,9,0,1
BRDA:41,9,1,0
BRDA:41,9,2,0
BRF:21
BRH:2
end_of_record
TN:
SF:client/src/related-items/related-items.jsx
FN:11,RelatedItems
FN:19,(anonymous_1)
FN:32,(anonymous_2)
FN:33,(anonymous_3)
FN:34,(anonymous_4)
FN:37,(anonymous_5)
FN:41,(anonymous_6)
FN:44,(anonymous_7)
FN:48,(anonymous_8)
FN:61,(anonymous_9)
FN:62,(anonymous_10)
FN:62,(anonymous_11)
FN:63,(anonymous_12)
FN:65,(anonymous_13)
FN:68,(anonymous_14)
FN:85,(anonymous_15)
FN:86,(anonymous_16)
FN:87,(anonymous_17)
FN:89,(anonymous_18)
FN:91,(anonymous_19)
FN:120,(anonymous_20)
FN:129,(anonymous_21)
FN:137,(anonymous_22)
FN:142,(anonymous_23)
FNF:24
FNH:3
FNDA:1,RelatedItems
FNDA:0,(anonymous_1)
FNDA:0,(anonymous_2)
FNDA:0,(anonymous_3)
FNDA:0,(anonymous_4)
FNDA:0,(anonymous_5)
FNDA:0,(anonymous_6)
FNDA:0,(anonymous_7)
FNDA:0,(anonymous_8)
FNDA:0,(anonymous_9)
FNDA:0,(anonymous_10)
FNDA:0,(anonymous_11)
FNDA:0,(anonymous_12)
FNDA:0,(anonymous_13)
FNDA:0,(anonymous_14)
FNDA:0,(anonymous_15)
FNDA:0,(anonymous_16)
FNDA:0,(anonymous_17)
FNDA:0,(anonymous_18)
FNDA:0,(anonymous_19)
FNDA:1,(anonymous_20)
FNDA:0,(anonymous_21)
FNDA:0,(anonymous_22)
FNDA:1,(anonymous_23)
DA:12,1
DA:13,1
DA:14,1
DA:15,1
DA:16,1
DA:19,1
DA:20,0
DA:21,0
DA:22,0
DA:29,0
DA:31,0
DA:33,0
DA:34,0
DA:35,0
DA:36,0
DA:37,0
DA:39,0
DA:41,0
DA:42,0
DA:44,0
DA:48,1
DA:49,0
DA:50,0
DA:51,0
DA:58,0
DA:60,0
DA:62,0
DA:63,0
DA:65,0
DA:68,1
DA:69,0
DA:70,0
DA:71,0
DA:82,0
DA:84,0
DA:86,0
DA:87,0
DA:89,0
DA:91,0
DA:120,1
DA:121,1
DA:128,1
DA:130,0
DA:131,0
DA:138,0
DA:142,1
DA:143,1
LF:47
LH:13
BRF:0
BRH:0
end_of_record
