TN:
SF:client/src/context.jsx
FN:6,useCurrentProductContext
FN:10,useCurrentProductUpdate
FN:13,CurrentProductProvider
FN:16,changeCurrentProduct
FNF:4
FNH:1
FNDA:1,useCurrentProductContext
FNDA:0,useCurrentProductUpdate
FNDA:0,CurrentProductProvider
FNDA:0,changeCurrentProduct
DA:3,1
DA:4,1
DA:7,1
DA:11,0
DA:14,0
DA:17,0
DA:20,0
LF:7
LH:3
BRF:0
BRH:0
end_of_record
TN:
SF:client/src/RatingsReviews/Ratings/Star.jsx
FN:24,(anonymous_0)
FN:30,Star
FNF:2
FNH:0
FNDA:0,(anonymous_0)
FNDA:0,Star
DA:5,1
DA:10,1
DA:18,1
DA:24,0
DA:31,0
LF:5
LH:3
BRF:0
BRH:0
end_of_record
TN:
SF:client/src/RatingsReviews/Reviews/AddBar.jsx
FN:6,(anonymous_0)
FN:15,(anonymous_1)
FN:20,(anonymous_2)
FN:26,(anonymous_3)
FNF:4
FNH:2
FNDA:2,(anonymous_0)
FNDA:0,(anonymous_1)
FNDA:0,(anonymous_2)
FNDA:2,(anonymous_3)
DA:7,2
DA:8,2
DA:11,2
DA:12,2
DA:16,0
DA:17,0
DA:21,0
DA:27,2
DA:37,1
DA:41,1
LF:10
LH:7
BRDA:21,0,0,0
BRDA:21,0,1,0
BRDA:31,1,0,2
BRDA:31,1,1,0
BRF:4
BRH:1
end_of_record
TN:
SF:client/src/RatingsReviews/Reviews/ReviewList.jsx
FN:15,ReviewList
FN:18,(anonymous_1)
FN:33,(anonymous_2)
FNF:3
FNH:1
FNDA:3,ReviewList
FNDA:0,(anonymous_1)
FNDA:0,(anonymous_2)
DA:5,1
DA:16,3
DA:18,2
DA:19,0
DA:20,0
DA:21,0
DA:22,0
DA:23,0
DA:28,2
DA:34,0
LF:10
LH:4
BRDA:19,0,0,0
BRDA:19,0,1,0
BRDA:21,1,0,0
BRDA:21,1,1,0
BRDA:28,2,0,0
BRDA:28,2,1,0
BRF:6
BRH:0
end_of_record
TN:
SF:client/src/RatingsReviews/Reviews/ReviewTile.jsx
FN:9,(anonymous_0)
FN:18,(anonymous_1)
FN:24,(anonymous_2)
FN:32,(anonymous_3)
FN:56,(anonymous_4)
FNF:5
FNH:0
FNDA:0,(anonymous_0)
FNDA:0,(anonymous_1)
FNDA:0,(anonymous_2)
FNDA:0,(anonymous_3)
FNDA:0,(anonymous_4)
DA:10,0
DA:11,0
DA:14,0
DA:15,0
DA:19,0
DA:20,0
DA:21,0
DA:25,0
DA:26,0
DA:27,0
DA:28,0
DA:33,0
DA:57,0
DA:86,1
DA:94,1
DA:104,1
DA:112,1
DA:120,1
DA:135,1
LF:19
LH:6
BRDA:27,0,0,0
BRDA:27,0,1,0
BRDA:48,1,0,0
BRDA:48,1,1,0
BRDA:54,2,0,0
BRDA:54,2,1,0
BRDA:62,3,0,0
BRDA:62,3,1,0
BRF:8
BRH:0
end_of_record
TN:
SF:client/src/RatingsReviews/Reviews/Reviews.jsx
FN:11,(anonymous_0)
FN:26,(anonymous_1)
FN:32,(anonymous_2)
FN:37,(anonymous_3)
FN:40,(anonymous_4)
FN:44,(anonymous_5)
FN:50,(anonymous_6)
FN:55,(anonymous_7)
FN:58,(anonymous_8)
FN:65,(anonymous_9)
FN:71,(anonymous_10)
FN:77,(anonymous_11)
FNF:12
FNH:2
FNDA:2,(anonymous_0)
FNDA:0,(anonymous_1)
FNDA:0,(anonymous_2)
FNDA:0,(anonymous_3)
FNDA:0,(anonymous_4)
FNDA:0,(anonymous_5)
FNDA:0,(anonymous_6)
FNDA:0,(anonymous_7)
FNDA:0,(anonymous_8)
FNDA:0,(anonymous_9)
FNDA:0,(anonymous_10)
FNDA:2,(anonymous_11)
DA:12,2
DA:13,2
DA:20,2
DA:21,2
DA:22,2
DA:23,2
DA:27,0
DA:33,0
DA:34,0
DA:35,0
DA:37,0
DA:41,0
DA:45,0
DA:51,0
DA:52,0
DA:53,0
DA:55,0
DA:59,0
DA:60,0
DA:66,0
DA:67,0
DA:68,0
DA:69,0
DA:71,0
DA:73,0
DA:78,2
DA:103,1
LF:27
LH:8
BRDA:59,0,0,0
BRDA:59,0,1,0
BRF:2
BRH:0
end_of_record
TN:
SF:client/src/RatingsReviews/Reviews/SortBar.jsx
FN:4,SortBar
FN:5,(anonymous_1)
FNF:2
FNH:1
FNDA:3,SortBar
FNDA:0,(anonymous_1)
DA:5,3
DA:6,0
DA:9,3
DA:21,1
DA:29,1
LF:5
LH:4
BRF:0
BRH:0
end_of_record
TN:
SF:client/src/RatingsReviews/Reviews/AddReview/CharButtons.jsx
FN:5,(anonymous_0)
FN:13,(anonymous_1)
FN:26,(anonymous_2)
FNF:3
FNH:0
FNDA:0,(anonymous_0)
FNDA:0,(anonymous_1)
FNDA:0,(anonymous_2)
DA:6,0
DA:7,0
DA:10,0
DA:14,0
DA:15,0
DA:16,0
DA:17,0
DA:18,0
DA:20,0
DA:21,0
DA:22,0
DA:23,0
DA:27,0
DA:39,1
LF:14
LH:1
BRDA:15,0,0,0
BRDA:15,0,1,0
BRF:2
BRH:0
end_of_record
TN:
SF:client/src/RatingsReviews/Reviews/AddReview/PhotoForm.jsx
FN:8,PhotoForm
FN:14,(anonymous_1)
FN:22,(anonymous_2)
FN:28,(anonymous_3)
FN:34,(anonymous_4)
FN:36,(anonymous_5)
FN:43,(anonymous_6)
FNF:7
FNH:0
FNDA:0,PhotoForm
FNDA:0,(anonymous_1)
FNDA:0,(anonymous_2)
FNDA:0,(anonymous_3)
FNDA:0,(anonymous_4)
FNDA:0,(anonymous_5)
FNDA:0,(anonymous_6)
DA:9,0
DA:10,0
DA:12,0
DA:14,0
DA:15,0
DA:16,0
DA:17,0
DA:18,0
DA:21,0
DA:23,0
DA:24,0
DA:25,0
DA:26,0
DA:28,0
DA:31,0
DA:35,0
DA:36,0
DA:44,0
DA:53,1
LF:19
LH:1
BRDA:42,0,0,0
BRDA:42,0,1,0
BRF:2
BRH:0
end_of_record
TN:
SF:client/src/RatingsReviews/Reviews/AddReview/PhotoTile.jsx
FN:4,PhotoTile
FNF:1
FNH:0
FNDA:0,PhotoTile
DA:5,0
DA:13,1
DA:26,1
LF:3
LH:2
BRF:0
BRH:0
end_of_record
TN:
SF:client/src/RatingsReviews/Reviews/AddReview/PhotoUpload.jsx
FN:4,PhotoUpload
FN:7,(anonymous_1)
FN:13,(anonymous_2)
FNF:3
FNH:0
FNDA:0,PhotoUpload
FNDA:0,(anonymous_1)
FNDA:0,(anonymous_2)
DA:5,0
DA:7,0
DA:8,0
DA:9,0
DA:10,0
DA:13,0
DA:14,0
DA:15,0
DA:18,0
DA:33,1
DA:45,1
LF:11
LH:2
BRDA:21,0,0,0
BRDA:21,0,1,0
BRDA:22,1,0,0
BRDA:22,1,1,0
BRF:4
BRH:0
end_of_record
TN:
SF:client/src/RatingsReviews/Reviews/AddReview/ReviewForm.jsx
FN:116,(anonymous_0)
FN:141,(anonymous_1)
FN:149,(anonymous_2)
FN:153,(anonymous_3)
FN:181,(anonymous_4)
FN:185,(anonymous_5)
FN:192,(anonymous_6)
FN:197,(anonymous_7)
FN:203,(anonymous_8)
FN:213,(anonymous_9)
FN:229,(anonymous_10)
FNF:11
FNH:0
FNDA:0,(anonymous_0)
FNDA:0,(anonymous_1)
FNDA:0,(anonymous_2)
FNDA:0,(anonymous_3)
FNDA:0,(anonymous_4)
FNDA:0,(anonymous_5)
FNDA:0,(anonymous_6)
FNDA:0,(anonymous_7)
FNDA:0,(anonymous_8)
FNDA:0,(anonymous_9)
FNDA:0,(anonymous_10)
DA:7,1
DA:23,1
DA:41,1
DA:53,1
DA:62,1
DA:74,1
DA:78,1
DA:84,1
DA:98,1
DA:117,0
DA:118,0
DA:130,0
DA:131,0
DA:132,0
DA:133,0
DA:134,0
DA:135,0
DA:136,0
DA:137,0
DA:138,0
DA:142,0
DA:143,0
DA:144,0
DA:150,0
DA:154,0
DA:155,0
DA:166,0
DA:167,0
DA:168,0
DA:169,0
DA:170,0
DA:171,0
DA:172,0
DA:173,0
DA:174,0
DA:175,0
DA:177,0
DA:182,0
DA:186,0
DA:187,0
DA:193,0
DA:194,0
DA:198,0
DA:204,0
DA:205,0
DA:207,0
DA:208,0
DA:209,0
DA:214,0
DA:215,0
DA:216,0
DA:217,0
DA:219,0
DA:220,0
DA:223,0
DA:224,0
DA:225,0
DA:230,0
LF:58
LH:9
BRDA:166,0,0,0
BRDA:166,0,1,0
BRDA:168,1,0,0
BRDA:168,1,1,0
BRDA:170,2,0,0
BRDA:170,2,1,0
BRDA:172,3,0,0
BRDA:172,3,1,0
BRDA:174,4,0,0
BRDA:174,4,1,0
BRDA:198,5,0,0
BRDA:198,5,1,0
BRDA:204,6,0,0
BRDA:204,6,1,0
BRDA:215,7,0,0
BRDA:215,7,1,0
BRDA:216,8,0,0
BRDA:216,8,1,0
BRDA:265,9,0,0
BRDA:265,9,1,0
BRDA:293,10,0,0
BRDA:293,10,1,0
BRF:22
BRH:0
end_of_record
TN:
SF:client/src/RatingsReviews/Reviews/AddReview/StarRatingBar.jsx
FN:8,(anonymous_0)
FN:18,(anonymous_1)
FN:33,(anonymous_2)
FN:49,(anonymous_3)
FNF:4
FNH:0
FNDA:0,(anonymous_0)
FNDA:0,(anonymous_1)
FNDA:0,(anonymous_2)
FNDA:0,(anonymous_3)
DA:9,0
DA:10,0
DA:14,0
DA:15,0
DA:19,0
DA:20,0
DA:21,0
DA:22,0
DA:23,0
DA:24,0
DA:25,0
DA:27,0
DA:34,0
DA:35,0
DA:36,0
DA:37,0
DA:39,0
DA:40,0
DA:42,0
DA:45,0
DA:46,0
DA:50,0
DA:62,1
DA:71,1
LF:24
LH:2
BRDA:19,0,0,0
BRDA:19,0,1,0
BRDA:24,1,0,0
BRDA:24,1,1,0
BRDA:39,2,0,0
BRDA:39,2,1,0
BRF:6
BRH:0
end_of_record
TN:
SF:client/src/RatingsReviews/lib/ratingToPercentage.js
FN:1,ratingToPercentage
FNF:1
FNH:0
FNDA:0,ratingToPercentage
DA:2,0
DA:3,0
DA:4,0
LF:3
LH:0
BRF:0
BRH:0
end_of_record
TN:
SF:client/src/product-details/ProductDetails.jsx
FN:5,ProductDetails
FNF:1
FNH:0
FNDA:0,ProductDetails
DA:6,0
DA:7,0
DA:9,0
DA:10,0
DA:11,0
DA:12,0
DA:13,0
DA:16,0
DA:17,0
DA:19,0
DA:20,0
DA:36,0
DA:50,0
DA:51,0
DA:67,0
LF:15
LH:0
BRDA:6,0,0,0
BRDA:6,0,1,0
BRDA:19,1,0,0
BRDA:19,1,1,0
BRDA:50,2,0,0
BRDA:50,2,1,0
BRF:6
BRH:0
end_of_record
TN:
SF:client/src/related-items/comparison.jsx
FN:6,Comparison
FN:10,(anonymous_1)
FN:74,(anonymous_2)
FN:93,(anonymous_3)
FNF:4
FNH:0
FNDA:0,Comparison
FNDA:0,(anonymous_1)
FNDA:0,(anonymous_2)
FNDA:0,(anonymous_3)
DA:7,0
DA:8,0
DA:10,0
DA:11,0
DA:12,0
DA:13,0
DA:14,0
DA:15,0
DA:16,0
DA:17,0
DA:18,0
DA:23,0
DA:26,0
DA:27,0
DA:28,0
DA:33,0
DA:37,0
DA:39,0
DA:40,0
DA:41,0
DA:43,0
DA:44,0
DA:53,0
DA:60,0
DA:65,0
DA:74,0
DA:93,0
LF:27
LH:0
BRDA:13,0,0,0
BRDA:13,0,1,0
BRDA:16,1,0,0
BRDA:16,1,1,0
BRDA:17,2,0,0
BRDA:17,2,1,0
BRDA:26,3,0,0
BRDA:26,3,1,0
BRDA:27,4,0,0
BRDA:27,4,1,0
BRDA:41,5,0,0
BRDA:41,5,1,0
BRDA:46,6,0,0
BRDA:46,6,1,0
BRDA:48,7,0,0
BRDA:48,7,1,0
BRF:16
BRH:0
end_of_record
TN:
SF:client/src/related-items/outfitList.jsx
FN:6,OutfitList
FN:12,(anonymous_1)
FN:17,(anonymous_2)
FN:47,(anonymous_3)
FN:59,(anonymous_4)
FN:94,(anonymous_5)
FN:102,(anonymous_6)
FNF:7
FNH:1
FNDA:1,OutfitList
FNDA:0,(anonymous_1)
FNDA:0,(anonymous_2)
FNDA:0,(anonymous_3)
FNDA:0,(anonymous_4)
FNDA:0,(anonymous_5)
FNDA:0,(anonymous_6)
DA:12,1
DA:13,0
DA:14,0
DA:15,0
DA:16,0
DA:17,0
DA:20,0
DA:21,0
DA:32,0
DA:40,0
DA:43,1
DA:44,1
DA:45,1
DA:47,1
DA:48,0
DA:49,0
DA:51,0
DA:52,0
DA:54,0
DA:56,0
DA:59,1
DA:60,0
DA:61,0
DA:62,0
DA:64,0
DA:66,0
DA:67,0
DA:69,0
DA:74,1
DA:79,0
DA:85,1
DA:88,1
DA:94,0
DA:102,0
LF:34
LH:9
BRDA:22,0,0,0
BRDA:22,0,1,0
BRDA:23,1,0,0
BRDA:23,1,1,0
BRDA:24,2,0,0
BRDA:24,2,1,0
BRDA:25,3,0,0
BRDA:25,3,1,0
BRDA:26,4,0,0
BRDA:26,4,1,0
BRDA:27,5,0,0
BRDA:27,5,1,0
BRDA:29,6,0,0
BRDA:29,6,1,0
BRDA:30,7,0,0
BRDA:30,7,1,0
BRDA:49,8,0,0
BRDA:49,8,1,0
BRDA:61,9,0,0
BRDA:61,9,1,0
BRDA:66,10,0,0
BRDA:66,10,1,0
BRDA:74,11,0,0
BRDA:74,11,1,1
BRDA:75,12,0,1
BRDA:75,12,1,0
BRDA:75,12,2,0
BRF:27
BRH:2
end_of_record
TN:
SF:client/src/related-items/product.jsx
FN:8,Product
FN:14,(anonymous_1)
FN:16,(anonymous_2)
FN:19,(anonymous_3)
FN:21,(anonymous_4)
FN:25,(anonymous_5)
FN:33,(anonymous_6)
FNF:7
FNH:0
FNDA:0,Product
FNDA:0,(anonymous_1)
FNDA:0,(anonymous_2)
FNDA:0,(anonymous_3)
FNDA:0,(anonymous_4)
FNDA:0,(anonymous_5)
FNDA:0,(anonymous_6)
DA:10,0
DA:11,0
DA:12,0
DA:14,0
DA:15,0
DA:16,0
DA:19,0
DA:20,0
DA:21,0
DA:25,0
DA:26,0
DA:29,0
DA:33,0
LF:13
LH:0
BRDA:15,0,0,0
BRDA:15,0,1,0
BRDA:20,1,0,0
BRDA:20,1,1,0
BRDA:36,2,0,0
BRDA:36,2,1,0
BRDA:67,3,0,0
BRDA:67,3,1,0
BRF:8
BRH:0
end_of_record
TN:
SF:client/src/related-items/productList.jsx
FN:6,ProductList
FN:12,(anonymous_1)
FN:17,(anonymous_2)
FN:47,(anonymous_3)
FN:59,(anonymous_4)
FN:94,(anonymous_5)
FN:102,(anonymous_6)
FNF:7
FNH:1
FNDA:1,ProductList
FNDA:0,(anonymous_1)
FNDA:0,(anonymous_2)
FNDA:0,(anonymous_3)
FNDA:0,(anonymous_4)
FNDA:0,(anonymous_5)
FNDA:0,(anonymous_6)
DA:12,1
DA:13,0
DA:14,0
DA:15,0
DA:16,0
DA:17,0
DA:20,0
DA:21,0
DA:32,0
DA:40,0
DA:43,1
DA:44,1
DA:45,1
DA:47,1
DA:48,0
DA:49,0
DA:51,0
DA:52,0
DA:54,0
DA:56,0
DA:59,1
DA:60,0
DA:61,0
DA:62,0
DA:64,0
DA:66,0
DA:67,0
DA:69,0
DA:74,1
DA:79,0
DA:85,1
DA:88,1
DA:94,0
DA:102,0
LF:34
LH:9
BRDA:22,0,0,0
BRDA:22,0,1,0
BRDA:23,1,0,0
BRDA:23,1,1,0
BRDA:24,2,0,0
BRDA:24,2,1,0
BRDA:25,3,0,0
BRDA:25,3,1,0
BRDA:26,4,0,0
BRDA:26,4,1,0
BRDA:27,5,0,0
BRDA:27,5,1,0
BRDA:29,6,0,0
BRDA:29,6,1,0
BRDA:30,7,0,0
BRDA:30,7,1,0
BRDA:49,8,0,0
BRDA:49,8,1,0
BRDA:61,9,0,0
BRDA:61,9,1,0
BRDA:66,10,0,0
BRDA:66,10,1,0
BRDA:74,11,0,0
BRDA:74,11,1,1
BRDA:75,12,0,1
BRDA:75,12,1,0
BRDA:75,12,2,0
BRF:27
BRH:2
end_of_record
TN:
SF:client/src/related-items/related-items.jsx
FN:14,RelatedItems
FN:26,(anonymous_1)
FN:39,(anonymous_2)
FN:40,(anonymous_3)
FN:41,(anonymous_4)
FN:44,(anonymous_5)
FN:54,(anonymous_6)
FN:58,(anonymous_7)
FN:71,(anonymous_8)
FN:73,(anonymous_9)
FN:75,(anonymous_10)
FN:78,(anonymous_11)
FN:95,(anonymous_12)
FN:99,(anonymous_13)
FN:101,(anonymous_14)
FN:130,(anonymous_15)
FN:160,(anonymous_16)
FN:161,(anonymous_17)
FN:167,(anonymous_18)
FN:172,(anonymous_19)
FN:181,(anonymous_20)
FN:189,(anonymous_21)
FN:194,(anonymous_22)
FN:199,(anonymous_23)
FN:200,(anonymous_24)
FNF:25
FNH:5
FNDA:1,RelatedItems
FNDA:0,(anonymous_1)
FNDA:0,(anonymous_2)
FNDA:0,(anonymous_3)
FNDA:0,(anonymous_4)
FNDA:0,(anonymous_5)
FNDA:0,(anonymous_6)
FNDA:0,(anonymous_7)
FNDA:0,(anonymous_8)
FNDA:0,(anonymous_9)
FNDA:0,(anonymous_10)
FNDA:0,(anonymous_11)
FNDA:0,(anonymous_12)
FNDA:0,(anonymous_13)
FNDA:0,(anonymous_14)
FNDA:1,(anonymous_15)
FNDA:0,(anonymous_16)
FNDA:0,(anonymous_17)
FNDA:0,(anonymous_18)
FNDA:1,(anonymous_19)
FNDA:0,(anonymous_20)
FNDA:0,(anonymous_21)
FNDA:0,(anonymous_22)
FNDA:1,(anonymous_23)
FNDA:1,(anonymous_24)
DA:12,1
DA:15,1
DA:16,1
DA:17,1
DA:18,1
DA:19,1
DA:20,1
DA:21,1
DA:22,1
DA:26,1
DA:27,0
DA:28,0
DA:29,0
DA:36,0
DA:38,0
DA:40,0
DA:41,0
DA:42,0
DA:43,0
DA:44,0
DA:46,0
DA:47,0
DA:49,0
DA:52,0
DA:54,0
DA:58,1
DA:59,0
DA:60,0
DA:61,0
DA:68,0
DA:70,0
DA:73,0
DA:75,0
DA:78,1
DA:79,0
DA:80,0
DA:81,0
DA:92,0
DA:94,0
DA:99,0
DA:101,0
DA:130,1
DA:131,1
DA:138,1
DA:145,1
DA:157,1
DA:161,0
DA:162,0
DA:163,0
DA:164,0
DA:168,0
DA:172,1
DA:173,1
DA:180,1
DA:182,0
DA:183,0
DA:190,0
DA:191,0
DA:192,0
DA:195,0
DA:199,1
DA:200,1
DA:202,1
LF:63
LH:23
BRDA:46,0,0,0
BRDA:46,0,1,0
BRF:2
BRH:0
end_of_record
TN:
SF:client/src/related-items/styles/list.styled.js
FNF:0
FNH:0
DA:3,1
DA:49,1
DA:121,1
DA:153,1
DA:164,1
LF:5
LH:5
BRF:0
BRH:0
end_of_record
